[2022-07-05 21:37:30,781][smac.utils.io.cmd_reader.CMDReader][INFO] - Output to smac3-output_2022-07-05_21:37:30_781032
[2022-07-05 21:37:30,782][smac.facade.smac_bb_facade.SMAC4BB][INFO] - Optimizing a deterministic scenario for quality without a tuner timeout - will make SMAC deterministic and only evaluate one configuration per iteration!
[2022-07-05 21:37:30,783][smac.initial_design.sobol_design.SobolDesign][INFO] - Running initial design for 2 configurations
[2022-07-05 21:37:30,784][smac.facade.smac_bb_facade.SMAC4BB][INFO] - <class 'smac.facade.smac_bb_facade.SMAC4BB'>
[2022-07-05 21:37:30,784][smac.optimizer.smbo.SMBO][INFO] - Running initial design
[2022-07-05 21:37:30,793][smac.intensification.intensification.Intensifier][INFO] - First run, no incumbent provided; challenger is assumed to be the incumbent
[2022-07-05 21:37:35,951][absl][INFO] - Unable to initialize backend 'tpu_driver': NOT_FOUND: Unable to find driver in registry given worker: 
[2022-07-05 21:37:35,951][absl][INFO] - Unable to initialize backend 'gpu': NOT_FOUND: Could not find registered platform with name: "cuda". Available platform names are: Interpreter Host
[2022-07-05 21:37:35,952][absl][INFO] - Unable to initialize backend 'tpu': INVALID_ARGUMENT: TpuPlatform is not available.
[2022-07-05 21:37:35,952][absl][WARNING] - No GPU/TPU found, falling back to CPU. (Set TF_CPP_MIN_LOG_LEVEL=0 and rerun for more info.)
[2022-07-05 21:37:37,929][TrainMonitor][INFO] - ep: 1,	T: 201,	G: -857,	avg_r: -4.29,	avg_G: -857,	t: 200,	dt: 2.839ms
[2022-07-05 21:37:38,225][TrainMonitor][INFO] - ep: 2,	T: 402,	G: -1.2e+03,	avg_r: -5.98,	avg_G: -1.03e+03,	t: 200,	dt: 1.475ms
[2022-07-05 21:37:48,386][TrainMonitor][INFO] - ep: 3,	T: 603,	G: -1.08e+03,	avg_r: -5.42,	avg_G: -1.05e+03,	t: 200,	dt: 50.802ms,	SoftClippedDoubleQLearning/EntropyRegularizer/entropy: 0.892,	SoftClippedDoubleQLearning/loss: 346,	SoftPG/EntropyRegularizer/entropy: 1.23,	SoftPG/loss: -0.239
[2022-07-05 21:37:49,481][TrainMonitor][INFO] - ep: 4,	T: 804,	G: -1.44e+03,	avg_r: -7.2,	avg_G: -1.14e+03,	t: 200,	dt: 5.477ms,	SoftClippedDoubleQLearning/EntropyRegularizer/entropy: 1.65,	SoftClippedDoubleQLearning/loss: 62.5,	SoftPG/EntropyRegularizer/entropy: 2.28,	SoftPG/loss: -0.278
[2022-07-05 21:37:50,464][smac.stats.stats.Stats][INFO] - ##########################################################
[2022-07-05 21:37:50,465][smac.stats.stats.Stats][INFO] - Statistics:
[2022-07-05 21:37:50,465][smac.stats.stats.Stats][INFO] - #Incumbent changed: -1
[2022-07-05 21:37:50,465][smac.stats.stats.Stats][INFO] - #Submitted target algorithm runs: 1 / 250.0
[2022-07-05 21:37:50,465][smac.stats.stats.Stats][INFO] - #Finished target algorithm runs: 1 / 250.0
[2022-07-05 21:37:50,465][smac.stats.stats.Stats][INFO] - #Configurations: 1
[2022-07-05 21:37:50,465][smac.stats.stats.Stats][INFO] - Used wallclock time: 19.68 / inf sec 
[2022-07-05 21:37:50,465][smac.stats.stats.Stats][INFO] - Used target algorithm runtime: 19.67 / inf sec
[2022-07-05 21:37:50,465][smac.stats.stats.Stats][INFO] - ##########################################################
[2022-07-05 21:37:50,465][smac.facade.smac_bb_facade.SMAC4BB][INFO] - Final Incumbent: None
