[2022-07-05 21:36:58,585][smac.utils.io.cmd_reader.CMDReader][INFO] - Output to smac3-output_2022-07-05_21:36:58_584766
[2022-07-05 21:36:58,586][smac.facade.smac_bb_facade.SMAC4BB][INFO] - Optimizing a deterministic scenario for quality without a tuner timeout - will make SMAC deterministic and only evaluate one configuration per iteration!
[2022-07-05 21:36:58,586][smac.initial_design.sobol_design.SobolDesign][INFO] - Running initial design for 2 configurations
[2022-07-05 21:36:58,587][smac.facade.smac_bb_facade.SMAC4BB][INFO] - <class 'smac.facade.smac_bb_facade.SMAC4BB'>
[2022-07-05 21:36:58,587][smac.optimizer.smbo.SMBO][INFO] - Running initial design
[2022-07-05 21:36:58,596][smac.intensification.intensification.Intensifier][INFO] - First run, no incumbent provided; challenger is assumed to be the incumbent
[2022-07-05 21:37:03,626][absl][INFO] - Unable to initialize backend 'tpu_driver': NOT_FOUND: Unable to find driver in registry given worker: 
[2022-07-05 21:37:03,627][absl][INFO] - Unable to initialize backend 'gpu': NOT_FOUND: Could not find registered platform with name: "cuda". Available platform names are: Interpreter Host
[2022-07-05 21:37:03,627][absl][INFO] - Unable to initialize backend 'tpu': INVALID_ARGUMENT: TpuPlatform is not available.
[2022-07-05 21:37:03,627][absl][WARNING] - No GPU/TPU found, falling back to CPU. (Set TF_CPP_MIN_LOG_LEVEL=0 and rerun for more info.)
[2022-07-05 21:37:05,465][TrainMonitor][INFO] - ep: 1,	T: 201,	G: -1.73e+03,	avg_r: -8.66,	avg_G: -1.73e+03,	t: 200,	dt: 2.714ms
[2022-07-05 21:37:05,737][TrainMonitor][INFO] - ep: 2,	T: 402,	G: -1.54e+03,	avg_r: -7.71,	avg_G: -1.64e+03,	t: 200,	dt: 1.361ms
[2022-07-05 21:37:14,187][TrainMonitor][INFO] - ep: 3,	T: 603,	G: -906,	avg_r: -4.53,	avg_G: -1.39e+03,	t: 200,	dt: 42.250ms,	SoftClippedDoubleQLearning/EntropyRegularizer/entropy: 0.871,	SoftClippedDoubleQLearning/loss: 445,	SoftPG/EntropyRegularizer/entropy: 1.21,	SoftPG/loss: -0.235
[2022-07-05 21:37:15,099][TrainMonitor][INFO] - ep: 4,	T: 804,	G: -992,	avg_r: -4.96,	avg_G: -1.29e+03,	t: 200,	dt: 4.557ms,	SoftClippedDoubleQLearning/EntropyRegularizer/entropy: 1.52,	SoftClippedDoubleQLearning/loss: 143,	SoftPG/EntropyRegularizer/entropy: 2.11,	SoftPG/loss: -0.27
[2022-07-05 21:37:16,057][smac.stats.stats.Stats][INFO] - ##########################################################
[2022-07-05 21:37:16,057][smac.stats.stats.Stats][INFO] - Statistics:
[2022-07-05 21:37:16,057][smac.stats.stats.Stats][INFO] - #Incumbent changed: -1
[2022-07-05 21:37:16,057][smac.stats.stats.Stats][INFO] - #Submitted target algorithm runs: 1 / 250.0
[2022-07-05 21:37:16,057][smac.stats.stats.Stats][INFO] - #Finished target algorithm runs: 1 / 250.0
[2022-07-05 21:37:16,057][smac.stats.stats.Stats][INFO] - #Configurations: 1
[2022-07-05 21:37:16,057][smac.stats.stats.Stats][INFO] - Used wallclock time: 17.47 / inf sec 
[2022-07-05 21:37:16,057][smac.stats.stats.Stats][INFO] - Used target algorithm runtime: 17.46 / inf sec
[2022-07-05 21:37:16,057][smac.stats.stats.Stats][INFO] - ##########################################################
[2022-07-05 21:37:16,057][smac.facade.smac_bb_facade.SMAC4BB][INFO] - Final Incumbent: None
