[2022-07-07 09:10:41,121][smac.utils.io.cmd_reader.CMDReader][INFO] - Output to smac3-output_2022-07-07_09:10:41_120580
[2022-07-07 09:10:41,121][smac.facade.smac_bb_facade.SMAC4BB][INFO] - Optimizing a deterministic scenario for quality without a tuner timeout - will make SMAC deterministic and only evaluate one configuration per iteration!
[2022-07-07 09:10:41,123][smac.initial_design.sobol_design.SobolDesign][INFO] - Running initial design for 2 configurations
[2022-07-07 09:10:41,123][smac.facade.smac_bb_facade.SMAC4BB][INFO] - <class 'smac.facade.smac_bb_facade.SMAC4BB'>
[2022-07-07 09:10:41,124][smac.optimizer.smbo.SMBO][INFO] - Running initial design
[2022-07-07 09:10:41,133][smac.intensification.intensification.Intensifier][INFO] - First run, no incumbent provided; challenger is assumed to be the incumbent
[2022-07-07 09:10:46,268][absl][INFO] - Unable to initialize backend 'tpu_driver': NOT_FOUND: Unable to find driver in registry given worker: 
[2022-07-07 09:10:46,268][absl][INFO] - Unable to initialize backend 'gpu': NOT_FOUND: Could not find registered platform with name: "cuda". Available platform names are: Interpreter Host
[2022-07-07 09:10:46,269][absl][INFO] - Unable to initialize backend 'tpu': INVALID_ARGUMENT: TpuPlatform is not available.
[2022-07-07 09:10:46,269][absl][WARNING] - No GPU/TPU found, falling back to CPU. (Set TF_CPP_MIN_LOG_LEVEL=0 and rerun for more info.)
[2022-07-07 09:10:49,287][TrainMonitor][INFO] - ep: 1,	T: 1,000,	G: -17.2,	avg_r: -0.0172,	avg_G: -17.2,	t: 999,	dt: 1.554ms
[2022-07-07 09:10:51,073][smac.stats.stats.Stats][INFO] - ##########################################################
[2022-07-07 09:10:51,074][smac.stats.stats.Stats][INFO] - Statistics:
[2022-07-07 09:10:51,074][smac.stats.stats.Stats][INFO] - #Incumbent changed: -1
[2022-07-07 09:10:51,074][smac.stats.stats.Stats][INFO] - #Submitted target algorithm runs: 0 / 250.0
[2022-07-07 09:10:51,074][smac.stats.stats.Stats][INFO] - #Finished target algorithm runs: 0 / 250.0
[2022-07-07 09:10:51,074][smac.stats.stats.Stats][INFO] - #Configurations: 0
[2022-07-07 09:10:51,074][smac.stats.stats.Stats][INFO] - Used wallclock time: 9.95 / inf sec 
[2022-07-07 09:10:51,074][smac.stats.stats.Stats][INFO] - Used target algorithm runtime: 0.00 / inf sec
[2022-07-07 09:10:51,074][smac.stats.stats.Stats][INFO] - ##########################################################
[2022-07-07 09:10:51,074][smac.facade.smac_bb_facade.SMAC4BB][INFO] - Final Incumbent: None
