[2022-07-06 19:14:03,484][smac.utils.io.cmd_reader.CMDReader][INFO] - Output to smac3-output_2022-07-06_19:14:03_483892
[2022-07-06 19:14:03,485][smac.facade.smac_bb_facade.SMAC4BB][INFO] - Optimizing a deterministic scenario for quality without a tuner timeout - will make SMAC deterministic and only evaluate one configuration per iteration!
[2022-07-06 19:14:03,486][smac.initial_design.sobol_design.SobolDesign][INFO] - Running initial design for 2 configurations
[2022-07-06 19:14:03,486][smac.facade.smac_bb_facade.SMAC4BB][INFO] - <class 'smac.facade.smac_bb_facade.SMAC4BB'>
[2022-07-06 19:14:03,486][smac.optimizer.smbo.SMBO][INFO] - Running initial design
[2022-07-06 19:14:03,494][smac.intensification.intensification.Intensifier][INFO] - First run, no incumbent provided; challenger is assumed to be the incumbent
[2022-07-06 19:14:08,601][absl][INFO] - Unable to initialize backend 'tpu_driver': NOT_FOUND: Unable to find driver in registry given worker: 
[2022-07-06 19:14:08,601][absl][INFO] - Unable to initialize backend 'gpu': NOT_FOUND: Could not find registered platform with name: "cuda". Available platform names are: Interpreter Host
[2022-07-06 19:14:08,601][absl][INFO] - Unable to initialize backend 'tpu': INVALID_ARGUMENT: TpuPlatform is not available.
[2022-07-06 19:14:08,602][absl][WARNING] - No GPU/TPU found, falling back to CPU. (Set TF_CPP_MIN_LOG_LEVEL=0 and rerun for more info.)
[2022-07-06 19:14:09,512][smac.stats.stats.Stats][INFO] - ##########################################################
[2022-07-06 19:14:09,512][smac.stats.stats.Stats][INFO] - Statistics:
[2022-07-06 19:14:09,512][smac.stats.stats.Stats][INFO] - #Incumbent changed: -1
[2022-07-06 19:14:09,512][smac.stats.stats.Stats][INFO] - #Submitted target algorithm runs: 1 / 250.0
[2022-07-06 19:14:09,512][smac.stats.stats.Stats][INFO] - #Finished target algorithm runs: 1 / 250.0
[2022-07-06 19:14:09,512][smac.stats.stats.Stats][INFO] - #Configurations: 1
[2022-07-06 19:14:09,512][smac.stats.stats.Stats][INFO] - Used wallclock time: 6.03 / inf sec 
[2022-07-06 19:14:09,512][smac.stats.stats.Stats][INFO] - Used target algorithm runtime: 6.02 / inf sec
[2022-07-06 19:14:09,512][smac.stats.stats.Stats][INFO] - ##########################################################
[2022-07-06 19:14:09,512][smac.facade.smac_bb_facade.SMAC4BB][INFO] - Final Incumbent: None
