[2022-07-05 21:35:59,495][smac.utils.io.cmd_reader.CMDReader][INFO] - Output to smac3-output_2022-07-05_21:35:59_495319
[2022-07-05 21:35:59,496][smac.facade.smac_bb_facade.SMAC4BB][INFO] - Optimizing a deterministic scenario for quality without a tuner timeout - will make SMAC deterministic and only evaluate one configuration per iteration!
[2022-07-05 21:35:59,497][smac.initial_design.sobol_design.SobolDesign][INFO] - Running initial design for 2 configurations
[2022-07-05 21:35:59,497][smac.facade.smac_bb_facade.SMAC4BB][INFO] - <class 'smac.facade.smac_bb_facade.SMAC4BB'>
[2022-07-05 21:35:59,497][smac.optimizer.smbo.SMBO][INFO] - Running initial design
[2022-07-05 21:35:59,506][smac.intensification.intensification.Intensifier][INFO] - First run, no incumbent provided; challenger is assumed to be the incumbent
[2022-07-05 21:36:04,574][absl][INFO] - Unable to initialize backend 'tpu_driver': NOT_FOUND: Unable to find driver in registry given worker: 
[2022-07-05 21:36:04,574][absl][INFO] - Unable to initialize backend 'gpu': NOT_FOUND: Could not find registered platform with name: "cuda". Available platform names are: Interpreter Host
[2022-07-05 21:36:04,575][absl][INFO] - Unable to initialize backend 'tpu': INVALID_ARGUMENT: TpuPlatform is not available.
[2022-07-05 21:36:04,575][absl][WARNING] - No GPU/TPU found, falling back to CPU. (Set TF_CPP_MIN_LOG_LEVEL=0 and rerun for more info.)
[2022-07-05 21:36:06,455][TrainMonitor][INFO] - ep: 1,	T: 201,	G: -1.71e+03,	avg_r: -8.56,	avg_G: -1.71e+03,	t: 200,	dt: 2.613ms
[2022-07-05 21:36:06,725][TrainMonitor][INFO] - ep: 2,	T: 402,	G: -668,	avg_r: -3.34,	avg_G: -1.19e+03,	t: 200,	dt: 1.347ms
[2022-07-05 21:36:15,186][TrainMonitor][INFO] - ep: 3,	T: 603,	G: -1.44e+03,	avg_r: -7.18,	avg_G: -1.27e+03,	t: 200,	dt: 42.303ms,	SoftClippedDoubleQLearning/EntropyRegularizer/entropy: 0.885,	SoftClippedDoubleQLearning/loss: 420,	SoftPG/EntropyRegularizer/entropy: 1.22,	SoftPG/loss: -0.237
[2022-07-05 21:36:16,090][TrainMonitor][INFO] - ep: 4,	T: 804,	G: -1.49e+03,	avg_r: -7.45,	avg_G: -1.33e+03,	t: 200,	dt: 4.518ms,	SoftClippedDoubleQLearning/EntropyRegularizer/entropy: 1.53,	SoftClippedDoubleQLearning/loss: 126,	SoftPG/EntropyRegularizer/entropy: 2.11,	SoftPG/loss: -0.259
[2022-07-05 21:36:17,059][smac.stats.stats.Stats][INFO] - ##########################################################
[2022-07-05 21:36:17,059][smac.stats.stats.Stats][INFO] - Statistics:
[2022-07-05 21:36:17,059][smac.stats.stats.Stats][INFO] - #Incumbent changed: -1
[2022-07-05 21:36:17,059][smac.stats.stats.Stats][INFO] - #Submitted target algorithm runs: 1 / 250.0
[2022-07-05 21:36:17,059][smac.stats.stats.Stats][INFO] - #Finished target algorithm runs: 1 / 250.0
[2022-07-05 21:36:17,059][smac.stats.stats.Stats][INFO] - #Configurations: 1
[2022-07-05 21:36:17,059][smac.stats.stats.Stats][INFO] - Used wallclock time: 17.56 / inf sec 
[2022-07-05 21:36:17,059][smac.stats.stats.Stats][INFO] - Used target algorithm runtime: 17.55 / inf sec
[2022-07-05 21:36:17,059][smac.stats.stats.Stats][INFO] - ##########################################################
[2022-07-05 21:36:17,059][smac.facade.smac_bb_facade.SMAC4BB][INFO] - Final Incumbent: None
