[2022-07-05 22:01:09,282][smac.utils.io.cmd_reader.CMDReader][INFO] - Output to smac3-output_2022-07-05_22:01:09_282430
[2022-07-05 22:01:09,283][smac.facade.smac_bb_facade.SMAC4BB][INFO] - Optimizing a deterministic scenario for quality without a tuner timeout - will make SMAC deterministic and only evaluate one configuration per iteration!
[2022-07-05 22:01:09,284][smac.initial_design.sobol_design.SobolDesign][INFO] - Running initial design for 2 configurations
[2022-07-05 22:01:09,284][smac.facade.smac_bb_facade.SMAC4BB][INFO] - <class 'smac.facade.smac_bb_facade.SMAC4BB'>
[2022-07-05 22:01:09,284][smac.optimizer.smbo.SMBO][INFO] - Running initial design
[2022-07-05 22:01:09,307][smac.intensification.intensification.Intensifier][INFO] - First run, no incumbent provided; challenger is assumed to be the incumbent
[2022-07-05 22:01:14,234][absl][INFO] - Unable to initialize backend 'tpu_driver': NOT_FOUND: Unable to find driver in registry given worker: 
[2022-07-05 22:01:14,234][absl][INFO] - Unable to initialize backend 'gpu': NOT_FOUND: Could not find registered platform with name: "cuda". Available platform names are: Interpreter Host
[2022-07-05 22:01:14,235][absl][INFO] - Unable to initialize backend 'tpu': INVALID_ARGUMENT: TpuPlatform is not available.
[2022-07-05 22:01:14,235][absl][WARNING] - No GPU/TPU found, falling back to CPU. (Set TF_CPP_MIN_LOG_LEVEL=0 and rerun for more info.)
[2022-07-05 22:01:16,063][TrainMonitor][INFO] - ep: 1,	T: 201,	G: -984,	avg_r: -4.92,	avg_G: -984,	t: 200,	dt: 2.725ms
[2022-07-05 22:01:16,349][TrainMonitor][INFO] - ep: 2,	T: 402,	G: -899,	avg_r: -4.5,	avg_G: -942,	t: 200,	dt: 1.426ms
[2022-07-05 22:01:16,619][TrainMonitor][INFO] - ep: 3,	T: 603,	G: -1.7e+03,	avg_r: -8.5,	avg_G: -1.19e+03,	t: 200,	dt: 1.352ms
[2022-07-05 22:01:16,887][TrainMonitor][INFO] - ep: 4,	T: 804,	G: -1.16e+03,	avg_r: -5.79,	avg_G: -1.19e+03,	t: 200,	dt: 1.336ms
[2022-07-05 22:01:19,990][TrainMonitor][INFO] - ep: 5,	T: 1,005,	G: -1.04e+03,	avg_r: -5.18,	avg_G: -1.16e+03,	t: 200,	dt: 15.517ms,	SoftClippedDoubleQLearning/EntropyRegularizer/entropy: 0.838,	SoftClippedDoubleQLearning/loss: 368
[2022-07-05 22:01:26,352][TrainMonitor][INFO] - ep: 6,	T: 1,206,	G: -895,	avg_r: -4.48,	avg_G: -1.11e+03,	t: 200,	dt: 31.805ms,	SoftClippedDoubleQLearning/EntropyRegularizer/entropy: 1.21,	SoftClippedDoubleQLearning/loss: 208,	SoftPG/EntropyRegularizer/entropy: 1.66,	SoftPG/loss: -0.277
[2022-07-05 22:01:27,247][TrainMonitor][INFO] - ep: 7,	T: 1,407,	G: -1.59e+03,	avg_r: -7.94,	avg_G: -1.18e+03,	t: 200,	dt: 4.474ms,	SoftClippedDoubleQLearning/EntropyRegularizer/entropy: 1.63,	SoftClippedDoubleQLearning/loss: 46,	SoftPG/EntropyRegularizer/entropy: 2.25,	SoftPG/loss: -0.146
[2022-07-05 22:01:28,176][TrainMonitor][INFO] - ep: 8,	T: 1,608,	G: -1.79e+03,	avg_r: -8.96,	avg_G: -1.26e+03,	t: 200,	dt: 4.647ms,	SoftClippedDoubleQLearning/EntropyRegularizer/entropy: 1.36,	SoftClippedDoubleQLearning/loss: 8.26,	SoftPG/EntropyRegularizer/entropy: 1.89,	SoftPG/loss: 0.419
[2022-07-05 22:01:29,074][TrainMonitor][INFO] - ep: 9,	T: 1,809,	G: -1.52e+03,	avg_r: -7.62,	avg_G: -1.29e+03,	t: 200,	dt: 4.486ms,	SoftClippedDoubleQLearning/EntropyRegularizer/entropy: 1.21,	SoftClippedDoubleQLearning/loss: 5.84,	SoftPG/EntropyRegularizer/entropy: 1.68,	SoftPG/loss: 1.39
[2022-07-05 22:01:29,975][TrainMonitor][INFO] - ep: 10,	T: 2,010,	G: -1.81e+03,	avg_r: -9.06,	avg_G: -1.34e+03,	t: 200,	dt: 4.506ms,	SoftClippedDoubleQLearning/EntropyRegularizer/entropy: 1.17,	SoftClippedDoubleQLearning/loss: 6.35,	SoftPG/EntropyRegularizer/entropy: 1.63,	SoftPG/loss: 2.92
[2022-07-05 22:01:30,886][TrainMonitor][INFO] - ep: 11,	T: 2,211,	G: -983,	avg_r: -4.91,	avg_G: -1.3e+03,	t: 200,	dt: 4.551ms,	SoftClippedDoubleQLearning/EntropyRegularizer/entropy: 1.16,	SoftClippedDoubleQLearning/loss: 6.81,	SoftPG/EntropyRegularizer/entropy: 1.61,	SoftPG/loss: 4.98
[2022-07-05 22:01:31,813][TrainMonitor][INFO] - ep: 12,	T: 2,412,	G: -1.56e+03,	avg_r: -7.8,	avg_G: -1.33e+03,	t: 200,	dt: 4.638ms,	SoftClippedDoubleQLearning/EntropyRegularizer/entropy: 1.14,	SoftClippedDoubleQLearning/loss: 6.5,	SoftPG/EntropyRegularizer/entropy: 1.59,	SoftPG/loss: 7.39
[2022-07-05 22:01:32,805][TrainMonitor][INFO] - ep: 13,	T: 2,613,	G: -1.38e+03,	avg_r: -6.92,	avg_G: -1.33e+03,	t: 200,	dt: 4.957ms,	SoftClippedDoubleQLearning/EntropyRegularizer/entropy: 1.2,	SoftClippedDoubleQLearning/loss: 7.34,	SoftPG/EntropyRegularizer/entropy: 1.67,	SoftPG/loss: 9.78
[2022-07-05 22:01:33,731][TrainMonitor][INFO] - ep: 14,	T: 2,814,	G: -1.59e+03,	avg_r: -7.97,	avg_G: -1.36e+03,	t: 200,	dt: 4.629ms,	SoftClippedDoubleQLearning/EntropyRegularizer/entropy: 1.1,	SoftClippedDoubleQLearning/loss: 7.83,	SoftPG/EntropyRegularizer/entropy: 1.54,	SoftPG/loss: 12.2
[2022-07-05 22:01:34,691][TrainMonitor][INFO] - ep: 15,	T: 3,015,	G: -1.45e+03,	avg_r: -7.27,	avg_G: -1.37e+03,	t: 200,	dt: 4.798ms,	SoftClippedDoubleQLearning/EntropyRegularizer/entropy: 1.07,	SoftClippedDoubleQLearning/loss: 8.36,	SoftPG/EntropyRegularizer/entropy: 1.48,	SoftPG/loss: 14.4
[2022-07-05 22:01:35,692][TrainMonitor][INFO] - ep: 16,	T: 3,216,	G: -1.23e+03,	avg_r: -6.16,	avg_G: -1.36e+03,	t: 200,	dt: 5.004ms,	SoftClippedDoubleQLearning/EntropyRegularizer/entropy: 1.08,	SoftClippedDoubleQLearning/loss: 8.93,	SoftPG/EntropyRegularizer/entropy: 1.49,	SoftPG/loss: 16.8
[2022-07-05 22:01:36,688][TrainMonitor][INFO] - ep: 17,	T: 3,417,	G: -1.52e+03,	avg_r: -7.61,	avg_G: -1.37e+03,	t: 200,	dt: 4.978ms,	SoftClippedDoubleQLearning/EntropyRegularizer/entropy: 1.1,	SoftClippedDoubleQLearning/loss: 10.5,	SoftPG/EntropyRegularizer/entropy: 1.53,	SoftPG/loss: 19.5
[2022-07-05 22:01:37,621][TrainMonitor][INFO] - ep: 18,	T: 3,618,	G: -1.23e+03,	avg_r: -6.16,	avg_G: -1.36e+03,	t: 200,	dt: 4.663ms,	SoftClippedDoubleQLearning/EntropyRegularizer/entropy: 1.1,	SoftClippedDoubleQLearning/loss: 10.1,	SoftPG/EntropyRegularizer/entropy: 1.54,	SoftPG/loss: 21.5
[2022-07-05 22:01:38,591][TrainMonitor][INFO] - ep: 19,	T: 3,819,	G: -1.21e+03,	avg_r: -6.04,	avg_G: -1.34e+03,	t: 200,	dt: 4.851ms,	SoftClippedDoubleQLearning/EntropyRegularizer/entropy: 1.06,	SoftClippedDoubleQLearning/loss: 11.1,	SoftPG/EntropyRegularizer/entropy: 1.48,	SoftPG/loss: 23.7
[2022-07-05 22:01:39,560][TrainMonitor][INFO] - ep: 20,	T: 4,020,	G: -1.16e+03,	avg_r: -5.8,	avg_G: -1.32e+03,	t: 200,	dt: 4.842ms,	SoftClippedDoubleQLearning/EntropyRegularizer/entropy: 1.06,	SoftClippedDoubleQLearning/loss: 14.4,	SoftPG/EntropyRegularizer/entropy: 1.47,	SoftPG/loss: 25.7
[2022-07-05 22:01:40,562][TrainMonitor][INFO] - ep: 21,	T: 4,221,	G: -1.44e+03,	avg_r: -7.2,	avg_G: -1.34e+03,	t: 200,	dt: 5.013ms,	SoftClippedDoubleQLearning/EntropyRegularizer/entropy: 1.01,	SoftClippedDoubleQLearning/loss: 14.1,	SoftPG/EntropyRegularizer/entropy: 1.4,	SoftPG/loss: 28.4
[2022-07-05 22:01:41,579][TrainMonitor][INFO] - ep: 22,	T: 4,422,	G: -11.8,	avg_r: -0.059,	avg_G: -1.2e+03,	t: 200,	dt: 5.083ms,	SoftClippedDoubleQLearning/EntropyRegularizer/entropy: 1.02,	SoftClippedDoubleQLearning/loss: 14.7,	SoftPG/EntropyRegularizer/entropy: 1.41,	SoftPG/loss: 29.5
[2022-07-05 22:01:42,535][TrainMonitor][INFO] - ep: 23,	T: 4,623,	G: -1.19e+03,	avg_r: -5.93,	avg_G: -1.2e+03,	t: 200,	dt: 4.777ms,	SoftClippedDoubleQLearning/EntropyRegularizer/entropy: 1,	SoftClippedDoubleQLearning/loss: 16.7,	SoftPG/EntropyRegularizer/entropy: 1.39,	SoftPG/loss: 31
[2022-07-05 22:01:43,519][TrainMonitor][INFO] - ep: 24,	T: 4,824,	G: -1.28e+03,	avg_r: -6.4,	avg_G: -1.21e+03,	t: 200,	dt: 4.918ms,	SoftClippedDoubleQLearning/EntropyRegularizer/entropy: 0.985,	SoftClippedDoubleQLearning/loss: 16.1,	SoftPG/EntropyRegularizer/entropy: 1.37,	SoftPG/loss: 32.5
[2022-07-05 22:01:44,489][TrainMonitor][INFO] - ep: 25,	T: 5,025,	G: -1.23e+03,	avg_r: -6.13,	avg_G: -1.21e+03,	t: 200,	dt: 4.850ms,	SoftClippedDoubleQLearning/EntropyRegularizer/entropy: 0.956,	SoftClippedDoubleQLearning/loss: 16.8,	SoftPG/EntropyRegularizer/entropy: 1.33,	SoftPG/loss: 34.3
[2022-07-05 22:01:45,464][TrainMonitor][INFO] - ep: 26,	T: 5,226,	G: -1.16e+03,	avg_r: -5.78,	avg_G: -1.21e+03,	t: 200,	dt: 4.874ms,	SoftClippedDoubleQLearning/EntropyRegularizer/entropy: 0.982,	SoftClippedDoubleQLearning/loss: 17.2,	SoftPG/EntropyRegularizer/entropy: 1.37,	SoftPG/loss: 36
[2022-07-05 22:01:46,473][TrainMonitor][INFO] - ep: 27,	T: 5,427,	G: -151,	avg_r: -0.757,	avg_G: -1.1e+03,	t: 200,	dt: 5.049ms,	SoftClippedDoubleQLearning/EntropyRegularizer/entropy: 0.998,	SoftClippedDoubleQLearning/loss: 17.4,	SoftPG/EntropyRegularizer/entropy: 1.39,	SoftPG/loss: 36.6
[2022-07-05 22:01:47,513][TrainMonitor][INFO] - ep: 28,	T: 5,628,	G: -1.17e+03,	avg_r: -5.87,	avg_G: -1.11e+03,	t: 200,	dt: 5.194ms,	SoftClippedDoubleQLearning/EntropyRegularizer/entropy: 0.985,	SoftClippedDoubleQLearning/loss: 17.3,	SoftPG/EntropyRegularizer/entropy: 1.37,	SoftPG/loss: 37.3
[2022-07-05 22:01:48,469][TrainMonitor][INFO] - ep: 29,	T: 5,829,	G: -1.05e+03,	avg_r: -5.26,	avg_G: -1.1e+03,	t: 200,	dt: 4.781ms,	SoftClippedDoubleQLearning/EntropyRegularizer/entropy: 0.978,	SoftClippedDoubleQLearning/loss: 18.6,	SoftPG/EntropyRegularizer/entropy: 1.36,	SoftPG/loss: 37.9
[2022-07-05 22:01:49,430][TrainMonitor][INFO] - ep: 30,	T: 6,030,	G: -7.81,	avg_r: -0.0391,	avg_G: -993,	t: 200,	dt: 4.807ms,	SoftClippedDoubleQLearning/EntropyRegularizer/entropy: 0.949,	SoftClippedDoubleQLearning/loss: 17.8,	SoftPG/EntropyRegularizer/entropy: 1.32,	SoftPG/loss: 38.2
[2022-07-05 22:01:50,685][TrainMonitor][INFO] - ep: 31,	T: 6,231,	G: -867,	avg_r: -4.33,	avg_G: -980,	t: 200,	dt: 6.272ms,	SoftClippedDoubleQLearning/EntropyRegularizer/entropy: 0.929,	SoftClippedDoubleQLearning/loss: 18.8,	SoftPG/EntropyRegularizer/entropy: 1.29,	SoftPG/loss: 38.1
[2022-07-05 22:01:52,209][TrainMonitor][INFO] - ep: 32,	T: 6,432,	G: -860,	avg_r: -4.3,	avg_G: -968,	t: 200,	dt: 7.620ms,	SoftClippedDoubleQLearning/EntropyRegularizer/entropy: 0.937,	SoftClippedDoubleQLearning/loss: 18.8,	SoftPG/EntropyRegularizer/entropy: 1.3,	SoftPG/loss: 38.1
[2022-07-05 22:01:53,324][TrainMonitor][INFO] - ep: 33,	T: 6,633,	G: -998,	avg_r: -4.99,	avg_G: -971,	t: 200,	dt: 5.572ms,	SoftClippedDoubleQLearning/EntropyRegularizer/entropy: 0.96,	SoftClippedDoubleQLearning/loss: 18.2,	SoftPG/EntropyRegularizer/entropy: 1.33,	SoftPG/loss: 38.8
[2022-07-05 22:01:54,340][TrainMonitor][INFO] - ep: 34,	T: 6,834,	G: -1.37e+03,	avg_r: -6.86,	avg_G: -1.01e+03,	t: 200,	dt: 5.079ms,	SoftClippedDoubleQLearning/EntropyRegularizer/entropy: 0.93,	SoftClippedDoubleQLearning/loss: 18.2,	SoftPG/EntropyRegularizer/entropy: 1.29,	SoftPG/loss: 39.7
[2022-07-05 22:01:55,314][TrainMonitor][INFO] - ep: 35,	T: 7,035,	G: -857,	avg_r: -4.28,	avg_G: -996,	t: 200,	dt: 4.870ms,	SoftClippedDoubleQLearning/EntropyRegularizer/entropy: 0.943,	SoftClippedDoubleQLearning/loss: 19.4,	SoftPG/EntropyRegularizer/entropy: 1.31,	SoftPG/loss: 40.8
[2022-07-05 22:01:56,393][TrainMonitor][INFO] - ep: 36,	T: 7,236,	G: -1.09e+03,	avg_r: -5.47,	avg_G: -1.01e+03,	t: 200,	dt: 5.394ms,	SoftClippedDoubleQLearning/EntropyRegularizer/entropy: 0.947,	SoftClippedDoubleQLearning/loss: 20.2,	SoftPG/EntropyRegularizer/entropy: 1.32,	SoftPG/loss: 41.2
[2022-07-05 22:01:57,659][TrainMonitor][INFO] - ep: 37,	T: 7,437,	G: -142,	avg_r: -0.711,	avg_G: -919,	t: 200,	dt: 6.328ms,	SoftClippedDoubleQLearning/EntropyRegularizer/entropy: 0.953,	SoftClippedDoubleQLearning/loss: 19.3,	SoftPG/EntropyRegularizer/entropy: 1.32,	SoftPG/loss: 41.4
[2022-07-05 22:01:58,637][TrainMonitor][INFO] - ep: 38,	T: 7,638,	G: -1.53e+03,	avg_r: -7.63,	avg_G: -980,	t: 200,	dt: 4.891ms,	SoftClippedDoubleQLearning/EntropyRegularizer/entropy: 0.986,	SoftClippedDoubleQLearning/loss: 20.1,	SoftPG/EntropyRegularizer/entropy: 1.38,	SoftPG/loss: 42.5
[2022-07-05 22:02:00,033][TrainMonitor][INFO] - ep: 39,	T: 7,839,	G: -262,	avg_r: -1.31,	avg_G: -908,	t: 200,	dt: 6.980ms,	SoftClippedDoubleQLearning/EntropyRegularizer/entropy: 0.967,	SoftClippedDoubleQLearning/loss: 19,	SoftPG/EntropyRegularizer/entropy: 1.34,	SoftPG/loss: 42
[2022-07-05 22:02:01,078][TrainMonitor][INFO] - ep: 40,	T: 8,040,	G: -369,	avg_r: -1.84,	avg_G: -854,	t: 200,	dt: 5.220ms,	SoftClippedDoubleQLearning/EntropyRegularizer/entropy: 0.977,	SoftClippedDoubleQLearning/loss: 19,	SoftPG/EntropyRegularizer/entropy: 1.36,	SoftPG/loss: 42
[2022-07-05 22:02:02,101][TrainMonitor][INFO] - ep: 41,	T: 8,241,	G: -137,	avg_r: -0.687,	avg_G: -783,	t: 200,	dt: 5.117ms,	SoftClippedDoubleQLearning/EntropyRegularizer/entropy: 0.981,	SoftClippedDoubleQLearning/loss: 19.2,	SoftPG/EntropyRegularizer/entropy: 1.37,	SoftPG/loss: 42
[2022-07-05 22:02:03,096][TrainMonitor][INFO] - ep: 42,	T: 8,442,	G: -123,	avg_r: -0.617,	avg_G: -717,	t: 200,	dt: 4.974ms,	SoftClippedDoubleQLearning/EntropyRegularizer/entropy: 0.974,	SoftClippedDoubleQLearning/loss: 20.2,	SoftPG/EntropyRegularizer/entropy: 1.36,	SoftPG/loss: 41.7
[2022-07-05 22:02:04,082][TrainMonitor][INFO] - ep: 43,	T: 8,643,	G: -1.43e+03,	avg_r: -7.16,	avg_G: -788,	t: 200,	dt: 4.927ms,	SoftClippedDoubleQLearning/EntropyRegularizer/entropy: 0.99,	SoftClippedDoubleQLearning/loss: 17.6,	SoftPG/EntropyRegularizer/entropy: 1.38,	SoftPG/loss: 41.3
[2022-07-05 22:02:05,069][TrainMonitor][INFO] - ep: 44,	T: 8,844,	G: -257,	avg_r: -1.28,	avg_G: -735,	t: 200,	dt: 4.937ms,	SoftClippedDoubleQLearning/EntropyRegularizer/entropy: 0.978,	SoftClippedDoubleQLearning/loss: 18.6,	SoftPG/EntropyRegularizer/entropy: 1.36,	SoftPG/loss: 41.6
[2022-07-05 22:02:06,057][TrainMonitor][INFO] - ep: 45,	T: 9,045,	G: -1.45e+03,	avg_r: -7.24,	avg_G: -806,	t: 200,	dt: 4.937ms,	SoftClippedDoubleQLearning/EntropyRegularizer/entropy: 0.974,	SoftClippedDoubleQLearning/loss: 18.9,	SoftPG/EntropyRegularizer/entropy: 1.35,	SoftPG/loss: 41.6
[2022-07-05 22:02:07,173][TrainMonitor][INFO] - ep: 46,	T: 9,246,	G: -124,	avg_r: -0.621,	avg_G: -738,	t: 200,	dt: 5.581ms,	SoftClippedDoubleQLearning/EntropyRegularizer/entropy: 0.971,	SoftClippedDoubleQLearning/loss: 21.2,	SoftPG/EntropyRegularizer/entropy: 1.36,	SoftPG/loss: 41.8
[2022-07-05 22:02:08,180][TrainMonitor][INFO] - ep: 47,	T: 9,447,	G: -1.48,	avg_r: -0.00742,	avg_G: -664,	t: 200,	dt: 5.032ms,	SoftClippedDoubleQLearning/EntropyRegularizer/entropy: 0.97,	SoftClippedDoubleQLearning/loss: 17.8,	SoftPG/EntropyRegularizer/entropy: 1.35,	SoftPG/loss: 41.1
[2022-07-05 22:02:09,194][TrainMonitor][INFO] - ep: 48,	T: 9,648,	G: -140,	avg_r: -0.701,	avg_G: -612,	t: 200,	dt: 5.068ms,	SoftClippedDoubleQLearning/EntropyRegularizer/entropy: 0.965,	SoftClippedDoubleQLearning/loss: 18.7,	SoftPG/EntropyRegularizer/entropy: 1.34,	SoftPG/loss: 41.1
[2022-07-05 22:02:10,186][TrainMonitor][INFO] - ep: 49,	T: 9,849,	G: -3,	avg_r: -0.015,	avg_G: -551,	t: 200,	dt: 4.961ms,	SoftClippedDoubleQLearning/EntropyRegularizer/entropy: 0.943,	SoftClippedDoubleQLearning/loss: 18.2,	SoftPG/EntropyRegularizer/entropy: 1.31,	SoftPG/loss: 39.8
[2022-07-05 22:02:15,771][smac.intensification.intensification.Intensifier][INFO] - First run, no incumbent provided; challenger is assumed to be the incumbent
[2022-07-05 22:02:15,771][smac.intensification.intensification.Intensifier][INFO] - Updated estimated cost of incumbent on 1 runs: -419.1370
[2022-07-05 22:02:20,812][absl][INFO] - Unable to initialize backend 'tpu_driver': NOT_FOUND: Unable to find driver in registry given worker: 
[2022-07-05 22:02:20,812][absl][INFO] - Unable to initialize backend 'gpu': NOT_FOUND: Could not find registered platform with name: "cuda". Available platform names are: Interpreter Host
[2022-07-05 22:02:20,812][absl][INFO] - Unable to initialize backend 'tpu': INVALID_ARGUMENT: TpuPlatform is not available.
[2022-07-05 22:02:20,812][absl][WARNING] - No GPU/TPU found, falling back to CPU. (Set TF_CPP_MIN_LOG_LEVEL=0 and rerun for more info.)
[2022-07-05 22:02:22,645][TrainMonitor][INFO] - ep: 1,	T: 201,	G: -1.85e+03,	avg_r: -9.23,	avg_G: -1.85e+03,	t: 200,	dt: 2.574ms
[2022-07-05 22:02:22,909][TrainMonitor][INFO] - ep: 2,	T: 402,	G: -1.13e+03,	avg_r: -5.65,	avg_G: -1.49e+03,	t: 200,	dt: 1.320ms
[2022-07-05 22:02:23,171][TrainMonitor][INFO] - ep: 3,	T: 603,	G: -1.8e+03,	avg_r: -9,	avg_G: -1.59e+03,	t: 200,	dt: 1.309ms
[2022-07-05 22:02:23,431][TrainMonitor][INFO] - ep: 4,	T: 804,	G: -1.06e+03,	avg_r: -5.32,	avg_G: -1.46e+03,	t: 200,	dt: 1.299ms
[2022-07-05 22:02:26,422][TrainMonitor][INFO] - ep: 5,	T: 1,005,	G: -932,	avg_r: -4.66,	avg_G: -1.35e+03,	t: 200,	dt: 14.955ms,	SoftClippedDoubleQLearning/EntropyRegularizer/entropy: 0.838,	SoftClippedDoubleQLearning/loss: 459
[2022-07-05 22:02:32,389][TrainMonitor][INFO] - ep: 6,	T: 1,206,	G: -1.02e+03,	avg_r: -5.11,	avg_G: -1.3e+03,	t: 200,	dt: 29.830ms,	SoftClippedDoubleQLearning/EntropyRegularizer/entropy: 1.15,	SoftClippedDoubleQLearning/loss: 263,	SoftPG/EntropyRegularizer/entropy: 1.58,	SoftPG/loss: -0.263
[2022-07-05 22:02:33,275][TrainMonitor][INFO] - ep: 7,	T: 1,407,	G: -1.53e+03,	avg_r: -7.63,	avg_G: -1.33e+03,	t: 200,	dt: 4.430ms,	SoftClippedDoubleQLearning/EntropyRegularizer/entropy: 1.55,	SoftClippedDoubleQLearning/loss: 50.5,	SoftPG/EntropyRegularizer/entropy: 2.16,	SoftPG/loss: -0.0957
[2022-07-05 22:02:34,171][TrainMonitor][INFO] - ep: 8,	T: 1,608,	G: -849,	avg_r: -4.24,	avg_G: -1.27e+03,	t: 200,	dt: 4.478ms,	SoftClippedDoubleQLearning/EntropyRegularizer/entropy: 1.33,	SoftClippedDoubleQLearning/loss: 9.62,	SoftPG/EntropyRegularizer/entropy: 1.84,	SoftPG/loss: 0.499
[2022-07-05 22:02:35,069][TrainMonitor][INFO] - ep: 9,	T: 1,809,	G: -1.27e+03,	avg_r: -6.33,	avg_G: -1.27e+03,	t: 200,	dt: 4.488ms,	SoftClippedDoubleQLearning/EntropyRegularizer/entropy: 1.18,	SoftClippedDoubleQLearning/loss: 7.84,	SoftPG/EntropyRegularizer/entropy: 1.65,	SoftPG/loss: 1.43
[2022-07-05 22:02:35,972][TrainMonitor][INFO] - ep: 10,	T: 2,010,	G: -1.36e+03,	avg_r: -6.81,	avg_G: -1.28e+03,	t: 200,	dt: 4.518ms,	SoftClippedDoubleQLearning/EntropyRegularizer/entropy: 1.16,	SoftClippedDoubleQLearning/loss: 7.55,	SoftPG/EntropyRegularizer/entropy: 1.62,	SoftPG/loss: 2.8
[2022-07-05 22:02:36,880][TrainMonitor][INFO] - ep: 11,	T: 2,211,	G: -1.54e+03,	avg_r: -7.71,	avg_G: -1.31e+03,	t: 200,	dt: 4.538ms,	SoftClippedDoubleQLearning/EntropyRegularizer/entropy: 1.14,	SoftClippedDoubleQLearning/loss: 7.47,	SoftPG/EntropyRegularizer/entropy: 1.58,	SoftPG/loss: 4.6
[2022-07-05 22:02:37,793][TrainMonitor][INFO] - ep: 12,	T: 2,412,	G: -1.54e+03,	avg_r: -7.68,	avg_G: -1.33e+03,	t: 200,	dt: 4.564ms,	SoftClippedDoubleQLearning/EntropyRegularizer/entropy: 0.991,	SoftClippedDoubleQLearning/loss: 7.51,	SoftPG/EntropyRegularizer/entropy: 1.38,	SoftPG/loss: 6.81
[2022-07-05 22:02:38,710][TrainMonitor][INFO] - ep: 13,	T: 2,613,	G: -1.34e+03,	avg_r: -6.72,	avg_G: -1.33e+03,	t: 200,	dt: 4.585ms,	SoftClippedDoubleQLearning/EntropyRegularizer/entropy: 0.956,	SoftClippedDoubleQLearning/loss: 8.54,	SoftPG/EntropyRegularizer/entropy: 1.33,	SoftPG/loss: 9.27
[2022-07-05 22:02:39,635][TrainMonitor][INFO] - ep: 14,	T: 2,814,	G: -1.24e+03,	avg_r: -6.18,	avg_G: -1.32e+03,	t: 200,	dt: 4.619ms,	SoftClippedDoubleQLearning/EntropyRegularizer/entropy: 0.953,	SoftClippedDoubleQLearning/loss: 8.75,	SoftPG/EntropyRegularizer/entropy: 1.33,	SoftPG/loss: 11.7
[2022-07-05 22:02:40,561][TrainMonitor][INFO] - ep: 15,	T: 3,015,	G: -1.12e+03,	avg_r: -5.58,	avg_G: -1.3e+03,	t: 200,	dt: 4.630ms,	SoftClippedDoubleQLearning/EntropyRegularizer/entropy: 0.961,	SoftClippedDoubleQLearning/loss: 9.66,	SoftPG/EntropyRegularizer/entropy: 1.33,	SoftPG/loss: 14.5
[2022-07-05 22:02:41,489][TrainMonitor][INFO] - ep: 16,	T: 3,216,	G: -1.3e+03,	avg_r: -6.48,	avg_G: -1.3e+03,	t: 200,	dt: 4.640ms,	SoftClippedDoubleQLearning/EntropyRegularizer/entropy: 0.919,	SoftClippedDoubleQLearning/loss: 10.9,	SoftPG/EntropyRegularizer/entropy: 1.28,	SoftPG/loss: 16.9
[2022-07-05 22:02:42,421][TrainMonitor][INFO] - ep: 17,	T: 3,417,	G: -1.32e+03,	avg_r: -6.61,	avg_G: -1.3e+03,	t: 200,	dt: 4.661ms,	SoftClippedDoubleQLearning/EntropyRegularizer/entropy: 0.897,	SoftClippedDoubleQLearning/loss: 12,	SoftPG/EntropyRegularizer/entropy: 1.25,	SoftPG/loss: 19.6
[2022-07-05 22:02:43,389][TrainMonitor][INFO] - ep: 18,	T: 3,618,	G: -1.54e+03,	avg_r: -7.71,	avg_G: -1.33e+03,	t: 200,	dt: 4.838ms,	SoftClippedDoubleQLearning/EntropyRegularizer/entropy: 0.9,	SoftClippedDoubleQLearning/loss: 12.5,	SoftPG/EntropyRegularizer/entropy: 1.26,	SoftPG/loss: 22.3
[2022-07-05 22:02:44,330][TrainMonitor][INFO] - ep: 19,	T: 3,819,	G: -1.35e+03,	avg_r: -6.76,	avg_G: -1.33e+03,	t: 200,	dt: 4.703ms,	SoftClippedDoubleQLearning/EntropyRegularizer/entropy: 0.887,	SoftClippedDoubleQLearning/loss: 13.6,	SoftPG/EntropyRegularizer/entropy: 1.24,	SoftPG/loss: 24.9
[2022-07-05 22:02:45,272][TrainMonitor][INFO] - ep: 20,	T: 4,020,	G: -1.33e+03,	avg_r: -6.65,	avg_G: -1.33e+03,	t: 200,	dt: 4.709ms,	SoftClippedDoubleQLearning/EntropyRegularizer/entropy: 0.875,	SoftClippedDoubleQLearning/loss: 16.2,	SoftPG/EntropyRegularizer/entropy: 1.22,	SoftPG/loss: 27.5
[2022-07-05 22:02:46,214][TrainMonitor][INFO] - ep: 21,	T: 4,221,	G: -1.06e+03,	avg_r: -5.31,	avg_G: -1.3e+03,	t: 200,	dt: 4.712ms,	SoftClippedDoubleQLearning/EntropyRegularizer/entropy: 0.913,	SoftClippedDoubleQLearning/loss: 16.4,	SoftPG/EntropyRegularizer/entropy: 1.27,	SoftPG/loss: 29.4
[2022-07-05 22:02:47,158][TrainMonitor][INFO] - ep: 22,	T: 4,422,	G: -1.32e+03,	avg_r: -6.6,	avg_G: -1.3e+03,	t: 200,	dt: 4.717ms,	SoftClippedDoubleQLearning/EntropyRegularizer/entropy: 0.896,	SoftClippedDoubleQLearning/loss: 16.4,	SoftPG/EntropyRegularizer/entropy: 1.24,	SoftPG/loss: 31.7
[2022-07-05 22:02:48,104][TrainMonitor][INFO] - ep: 23,	T: 4,623,	G: -1.47e+03,	avg_r: -7.35,	avg_G: -1.32e+03,	t: 200,	dt: 4.731ms,	SoftClippedDoubleQLearning/EntropyRegularizer/entropy: 0.908,	SoftClippedDoubleQLearning/loss: 18,	SoftPG/EntropyRegularizer/entropy: 1.27,	SoftPG/loss: 33.7
[2022-07-05 22:02:49,055][TrainMonitor][INFO] - ep: 24,	T: 4,824,	G: -1.04e+03,	avg_r: -5.19,	avg_G: -1.29e+03,	t: 200,	dt: 4.751ms,	SoftClippedDoubleQLearning/EntropyRegularizer/entropy: 0.83,	SoftClippedDoubleQLearning/loss: 19.4,	SoftPG/EntropyRegularizer/entropy: 1.16,	SoftPG/loss: 35.6
[2022-07-05 22:02:50,006][TrainMonitor][INFO] - ep: 25,	T: 5,025,	G: -1.18e+03,	avg_r: -5.88,	avg_G: -1.28e+03,	t: 200,	dt: 4.757ms,	SoftClippedDoubleQLearning/EntropyRegularizer/entropy: 0.845,	SoftClippedDoubleQLearning/loss: 20.3,	SoftPG/EntropyRegularizer/entropy: 1.18,	SoftPG/loss: 36.9
[2022-07-05 22:02:50,956][TrainMonitor][INFO] - ep: 26,	T: 5,226,	G: -1.26e+03,	avg_r: -6.28,	avg_G: -1.28e+03,	t: 200,	dt: 4.750ms,	SoftClippedDoubleQLearning/EntropyRegularizer/entropy: 0.855,	SoftClippedDoubleQLearning/loss: 21.4,	SoftPG/EntropyRegularizer/entropy: 1.2,	SoftPG/loss: 38.6
[2022-07-05 22:02:51,907][TrainMonitor][INFO] - ep: 27,	T: 5,427,	G: -1.11e+03,	avg_r: -5.55,	avg_G: -1.26e+03,	t: 200,	dt: 4.750ms,	SoftClippedDoubleQLearning/EntropyRegularizer/entropy: 0.89,	SoftClippedDoubleQLearning/loss: 22.6,	SoftPG/EntropyRegularizer/entropy: 1.24,	SoftPG/loss: 39.6
[2022-07-05 22:02:52,863][TrainMonitor][INFO] - ep: 28,	T: 5,628,	G: -1.14e+03,	avg_r: -5.68,	avg_G: -1.25e+03,	t: 200,	dt: 4.783ms,	SoftClippedDoubleQLearning/EntropyRegularizer/entropy: 0.922,	SoftClippedDoubleQLearning/loss: 22.1,	SoftPG/EntropyRegularizer/entropy: 1.28,	SoftPG/loss: 40
[2022-07-05 22:02:53,822][TrainMonitor][INFO] - ep: 29,	T: 5,829,	G: -960,	avg_r: -4.8,	avg_G: -1.22e+03,	t: 200,	dt: 4.790ms,	SoftClippedDoubleQLearning/EntropyRegularizer/entropy: 1.08,	SoftClippedDoubleQLearning/loss: 24.4,	SoftPG/EntropyRegularizer/entropy: 1.49,	SoftPG/loss: 39.8
[2022-07-05 22:02:54,781][TrainMonitor][INFO] - ep: 30,	T: 6,030,	G: -1.12e+03,	avg_r: -5.6,	avg_G: -1.21e+03,	t: 200,	dt: 4.794ms,	SoftClippedDoubleQLearning/EntropyRegularizer/entropy: 1.08,	SoftClippedDoubleQLearning/loss: 21.1,	SoftPG/EntropyRegularizer/entropy: 1.5,	SoftPG/loss: 37.5
[2022-07-05 22:02:55,740][TrainMonitor][INFO] - ep: 31,	T: 6,231,	G: -1.47e+03,	avg_r: -7.36,	avg_G: -1.24e+03,	t: 200,	dt: 4.797ms,	SoftClippedDoubleQLearning/EntropyRegularizer/entropy: 1.04,	SoftClippedDoubleQLearning/loss: 22.4,	SoftPG/EntropyRegularizer/entropy: 1.44,	SoftPG/loss: 37.6
[2022-07-05 22:02:56,699][TrainMonitor][INFO] - ep: 32,	T: 6,432,	G: -779,	avg_r: -3.9,	avg_G: -1.19e+03,	t: 200,	dt: 4.793ms,	SoftClippedDoubleQLearning/EntropyRegularizer/entropy: 1.09,	SoftClippedDoubleQLearning/loss: 22.4,	SoftPG/EntropyRegularizer/entropy: 1.52,	SoftPG/loss: 38.5
[2022-07-05 22:02:57,659][TrainMonitor][INFO] - ep: 33,	T: 6,633,	G: -1.31e+03,	avg_r: -6.54,	avg_G: -1.2e+03,	t: 200,	dt: 4.795ms,	SoftClippedDoubleQLearning/EntropyRegularizer/entropy: 1.09,	SoftClippedDoubleQLearning/loss: 23.4,	SoftPG/EntropyRegularizer/entropy: 1.51,	SoftPG/loss: 39.2
[2022-07-05 22:02:58,621][TrainMonitor][INFO] - ep: 34,	T: 6,834,	G: -1.57e+03,	avg_r: -7.87,	avg_G: -1.24e+03,	t: 200,	dt: 4.809ms,	SoftClippedDoubleQLearning/EntropyRegularizer/entropy: 1.08,	SoftClippedDoubleQLearning/loss: 22.9,	SoftPG/EntropyRegularizer/entropy: 1.5,	SoftPG/loss: 39.6
[2022-07-05 22:02:59,586][TrainMonitor][INFO] - ep: 35,	T: 7,035,	G: -1.33e+03,	avg_r: -6.65,	avg_G: -1.25e+03,	t: 200,	dt: 4.823ms,	SoftClippedDoubleQLearning/EntropyRegularizer/entropy: 1.08,	SoftClippedDoubleQLearning/loss: 24,	SoftPG/EntropyRegularizer/entropy: 1.49,	SoftPG/loss: 40.3
[2022-07-05 22:03:00,578][TrainMonitor][INFO] - ep: 36,	T: 7,236,	G: -1.3e+03,	avg_r: -6.51,	avg_G: -1.25e+03,	t: 200,	dt: 4.962ms,	SoftClippedDoubleQLearning/EntropyRegularizer/entropy: 1.03,	SoftClippedDoubleQLearning/loss: 23.2,	SoftPG/EntropyRegularizer/entropy: 1.43,	SoftPG/loss: 41.1
[2022-07-05 22:03:01,591][TrainMonitor][INFO] - ep: 37,	T: 7,437,	G: -1.38e+03,	avg_r: -6.89,	avg_G: -1.27e+03,	t: 200,	dt: 5.064ms,	SoftClippedDoubleQLearning/EntropyRegularizer/entropy: 0.977,	SoftClippedDoubleQLearning/loss: 24.4,	SoftPG/EntropyRegularizer/entropy: 1.36,	SoftPG/loss: 41.7
[2022-07-05 22:03:02,678][TrainMonitor][INFO] - ep: 38,	T: 7,638,	G: -1.5e+03,	avg_r: -7.52,	avg_G: -1.29e+03,	t: 200,	dt: 5.432ms,	SoftClippedDoubleQLearning/EntropyRegularizer/entropy: 0.989,	SoftClippedDoubleQLearning/loss: 25.5,	SoftPG/EntropyRegularizer/entropy: 1.38,	SoftPG/loss: 43
[2022-07-05 22:03:03,688][TrainMonitor][INFO] - ep: 39,	T: 7,839,	G: -1.52e+03,	avg_r: -7.58,	avg_G: -1.31e+03,	t: 200,	dt: 5.048ms,	SoftClippedDoubleQLearning/EntropyRegularizer/entropy: 0.947,	SoftClippedDoubleQLearning/loss: 23.7,	SoftPG/EntropyRegularizer/entropy: 1.32,	SoftPG/loss: 43.9
[2022-07-05 22:03:04,686][TrainMonitor][INFO] - ep: 40,	T: 8,040,	G: -1.6e+03,	avg_r: -8.02,	avg_G: -1.34e+03,	t: 200,	dt: 4.990ms,	SoftClippedDoubleQLearning/EntropyRegularizer/entropy: 0.971,	SoftClippedDoubleQLearning/loss: 23.7,	SoftPG/EntropyRegularizer/entropy: 1.35,	SoftPG/loss: 44.6
[2022-07-05 22:03:05,651][TrainMonitor][INFO] - ep: 41,	T: 8,241,	G: -1.49e+03,	avg_r: -7.47,	avg_G: -1.36e+03,	t: 200,	dt: 4.825ms,	SoftClippedDoubleQLearning/EntropyRegularizer/entropy: 1.01,	SoftClippedDoubleQLearning/loss: 25.6,	SoftPG/EntropyRegularizer/entropy: 1.4,	SoftPG/loss: 45.6
[2022-07-05 22:03:06,621][TrainMonitor][INFO] - ep: 42,	T: 8,442,	G: -1.75e+03,	avg_r: -8.73,	avg_G: -1.4e+03,	t: 200,	dt: 4.845ms,	SoftClippedDoubleQLearning/EntropyRegularizer/entropy: 1.03,	SoftClippedDoubleQLearning/loss: 27.2,	SoftPG/EntropyRegularizer/entropy: 1.42,	SoftPG/loss: 46.5
[2022-07-05 22:03:07,661][TrainMonitor][INFO] - ep: 43,	T: 8,643,	G: -1.2e+03,	avg_r: -6.01,	avg_G: -1.38e+03,	t: 200,	dt: 5.200ms,	SoftClippedDoubleQLearning/EntropyRegularizer/entropy: 1.05,	SoftClippedDoubleQLearning/loss: 27.1,	SoftPG/EntropyRegularizer/entropy: 1.46,	SoftPG/loss: 47.1
[2022-07-05 22:03:08,658][TrainMonitor][INFO] - ep: 44,	T: 8,844,	G: -1.82e+03,	avg_r: -9.12,	avg_G: -1.42e+03,	t: 200,	dt: 4.987ms,	SoftClippedDoubleQLearning/EntropyRegularizer/entropy: 1.04,	SoftClippedDoubleQLearning/loss: 28.2,	SoftPG/EntropyRegularizer/entropy: 1.45,	SoftPG/loss: 48.2
[2022-07-05 22:03:09,628][TrainMonitor][INFO] - ep: 45,	T: 9,045,	G: -1.5e+03,	avg_r: -7.51,	avg_G: -1.43e+03,	t: 200,	dt: 4.847ms,	SoftClippedDoubleQLearning/EntropyRegularizer/entropy: 1.04,	SoftClippedDoubleQLearning/loss: 28.3,	SoftPG/EntropyRegularizer/entropy: 1.45,	SoftPG/loss: 49
[2022-07-05 22:03:10,598][TrainMonitor][INFO] - ep: 46,	T: 9,246,	G: -1.37e+03,	avg_r: -6.85,	avg_G: -1.42e+03,	t: 200,	dt: 4.850ms,	SoftClippedDoubleQLearning/EntropyRegularizer/entropy: 1.03,	SoftClippedDoubleQLearning/loss: 30,	SoftPG/EntropyRegularizer/entropy: 1.43,	SoftPG/loss: 49.8
[2022-07-05 22:03:11,591][TrainMonitor][INFO] - ep: 47,	T: 9,447,	G: -961,	avg_r: -4.8,	avg_G: -1.38e+03,	t: 200,	dt: 4.965ms,	SoftClippedDoubleQLearning/EntropyRegularizer/entropy: 1.04,	SoftClippedDoubleQLearning/loss: 29.6,	SoftPG/EntropyRegularizer/entropy: 1.44,	SoftPG/loss: 50.4
[2022-07-05 22:03:12,620][TrainMonitor][INFO] - ep: 48,	T: 9,648,	G: -1.41e+03,	avg_r: -7.05,	avg_G: -1.38e+03,	t: 200,	dt: 5.140ms,	SoftClippedDoubleQLearning/EntropyRegularizer/entropy: 1.05,	SoftClippedDoubleQLearning/loss: 30.3,	SoftPG/EntropyRegularizer/entropy: 1.46,	SoftPG/loss: 51.1
[2022-07-05 22:03:13,589][TrainMonitor][INFO] - ep: 49,	T: 9,849,	G: -1.84e+03,	avg_r: -9.21,	avg_G: -1.43e+03,	t: 200,	dt: 4.847ms,	SoftClippedDoubleQLearning/EntropyRegularizer/entropy: 1.03,	SoftClippedDoubleQLearning/loss: 30.5,	SoftPG/EntropyRegularizer/entropy: 1.43,	SoftPG/loss: 51.3
[2022-07-05 22:03:19,232][smac.intensification.intensification.Intensifier][INFO] - Challenger (-1333.9523) is better than incumbent (-419.1370) on 1 runs.
[2022-07-05 22:03:19,232][smac.intensification.intensification.Intensifier][INFO] - Changes in incumbent:
[2022-07-05 22:03:19,232][smac.intensification.intensification.Intensifier][INFO] -   dt : False -> True
[2022-07-05 22:03:19,232][smac.intensification.intensification.Intensifier][INFO] -   g : False -> True
[2022-07-05 22:03:19,232][smac.intensification.intensification.Intensifier][INFO] -   initial_angle_max : True -> False
[2022-07-05 22:03:19,232][smac.intensification.intensification.Intensifier][INFO] -   initial_velocity_max : False -> True
[2022-07-05 22:03:19,232][smac.intensification.intensification.Intensifier][INFO] -   l : True -> False
[2022-07-05 22:03:19,232][smac.intensification.intensification.Intensifier][INFO] -   m : False -> True
[2022-07-05 22:03:19,232][smac.intensification.intensification.Intensifier][INFO] -   max_speed : True -> False
[2022-07-05 22:03:24,233][absl][INFO] - Unable to initialize backend 'tpu_driver': NOT_FOUND: Unable to find driver in registry given worker: 
[2022-07-05 22:03:24,233][absl][INFO] - Unable to initialize backend 'gpu': NOT_FOUND: Could not find registered platform with name: "cuda". Available platform names are: Interpreter Host
[2022-07-05 22:03:24,234][absl][INFO] - Unable to initialize backend 'tpu': INVALID_ARGUMENT: TpuPlatform is not available.
[2022-07-05 22:03:24,234][absl][WARNING] - No GPU/TPU found, falling back to CPU. (Set TF_CPP_MIN_LOG_LEVEL=0 and rerun for more info.)
[2022-07-05 22:03:26,200][TrainMonitor][INFO] - ep: 1,	T: 201,	G: -1.61e+03,	avg_r: -8.04,	avg_G: -1.61e+03,	t: 200,	dt: 2.718ms
[2022-07-05 22:03:26,496][TrainMonitor][INFO] - ep: 2,	T: 402,	G: -1.28e+03,	avg_r: -6.41,	avg_G: -1.45e+03,	t: 200,	dt: 1.480ms
[2022-07-05 22:03:26,812][TrainMonitor][INFO] - ep: 3,	T: 603,	G: -1.18e+03,	avg_r: -5.88,	avg_G: -1.36e+03,	t: 200,	dt: 1.576ms
[2022-07-05 22:03:27,141][TrainMonitor][INFO] - ep: 4,	T: 804,	G: -1.59e+03,	avg_r: -7.93,	avg_G: -1.41e+03,	t: 200,	dt: 1.644ms
[2022-07-05 22:03:30,012][TrainMonitor][INFO] - ep: 5,	T: 1,005,	G: -1.43e+03,	avg_r: -7.17,	avg_G: -1.42e+03,	t: 200,	dt: 14.351ms,	SoftClippedDoubleQLearning/EntropyRegularizer/entropy: 0.838,	SoftClippedDoubleQLearning/loss: 456
[2022-07-05 22:03:31,632][smac.stats.stats.Stats][INFO] - ##########################################################
[2022-07-05 22:03:31,633][smac.stats.stats.Stats][INFO] - Statistics:
[2022-07-05 22:03:31,633][smac.stats.stats.Stats][INFO] - #Incumbent changed: 1
[2022-07-05 22:03:31,633][smac.stats.stats.Stats][INFO] - #Submitted target algorithm runs: 2 / 250.0
[2022-07-05 22:03:31,633][smac.stats.stats.Stats][INFO] - #Finished target algorithm runs: 2 / 250.0
[2022-07-05 22:03:31,633][smac.stats.stats.Stats][INFO] - #Configurations: 2
[2022-07-05 22:03:31,633][smac.stats.stats.Stats][INFO] - Used wallclock time: 142.35 / inf sec 
[2022-07-05 22:03:31,633][smac.stats.stats.Stats][INFO] - Used target algorithm runtime: 129.86 / inf sec
[2022-07-05 22:03:31,633][smac.stats.stats.Stats][INFO] - ##########################################################
[2022-07-05 22:03:31,633][smac.facade.smac_bb_facade.SMAC4BB][INFO] - Final Incumbent: Configuration:
  dt, Value: True
  g, Value: True
  initial_angle_max, Value: False
  initial_velocity_max, Value: True
  l, Value: False
  m, Value: True
  max_speed, Value: False

[2022-07-05 22:03:31,633][smac.facade.smac_bb_facade.SMAC4BB][INFO] - Estimated cost of incumbent: -1333.952251
