[2022-07-05 21:23:44,350][smac.utils.io.cmd_reader.CMDReader][INFO] - Output to smac3-output_2022-07-05_21:23:44_350375
[2022-07-05 21:23:51,102][absl][INFO] - Unable to initialize backend 'tpu_driver': NOT_FOUND: Unable to find driver in registry given worker: 
[2022-07-05 21:23:51,102][absl][INFO] - Unable to initialize backend 'gpu': NOT_FOUND: Could not find registered platform with name: "cuda". Available platform names are: Interpreter Host
[2022-07-05 21:23:51,102][absl][INFO] - Unable to initialize backend 'tpu': INVALID_ARGUMENT: TpuPlatform is not available.
[2022-07-05 21:23:51,102][absl][WARNING] - No GPU/TPU found, falling back to CPU. (Set TF_CPP_MIN_LOG_LEVEL=0 and rerun for more info.)
[2022-07-05 21:23:53,115][TrainMonitor][INFO] - ep: 1,	T: 201,	G: -651,	avg_r: -3.25,	avg_G: -651,	t: 200,	dt: 2.614ms
[2022-07-05 21:23:53,390][TrainMonitor][INFO] - ep: 2,	T: 402,	G: -1.54e+03,	avg_r: -7.72,	avg_G: -1.1e+03,	t: 200,	dt: 1.377ms
[2022-07-05 21:24:01,647][TrainMonitor][INFO] - ep: 3,	T: 603,	G: -1.16e+03,	avg_r: -5.79,	avg_G: -1.12e+03,	t: 200,	dt: 41.283ms,	SoftClippedDoubleQLearning/EntropyRegularizer/entropy: 0.889,	SoftClippedDoubleQLearning/loss: 334,	SoftPG/EntropyRegularizer/entropy: 1.23,	SoftPG/loss: -0.236
[2022-07-05 21:24:02,550][TrainMonitor][INFO] - ep: 4,	T: 804,	G: -1.43e+03,	avg_r: -7.16,	avg_G: -1.2e+03,	t: 200,	dt: 4.513ms,	SoftClippedDoubleQLearning/EntropyRegularizer/entropy: 1.6,	SoftClippedDoubleQLearning/loss: 72.3,	SoftPG/EntropyRegularizer/entropy: 2.22,	SoftPG/loss: -0.237
[2022-07-05 21:25:25,425][smac.facade.smac_bb_facade.SMAC4BB][INFO] - Optimizing a deterministic scenario for quality without a tuner timeout - will make SMAC deterministic and only evaluate one configuration per iteration!
[2022-07-05 21:25:25,426][smac.initial_design.sobol_design.SobolDesign][INFO] - Running initial design for 2 configurations
[2022-07-05 21:25:25,426][smac.facade.smac_bb_facade.SMAC4BB][INFO] - <class 'smac.facade.smac_bb_facade.SMAC4BB'>
[2022-07-05 21:25:25,426][smac.optimizer.smbo.SMBO][INFO] - Running initial design
[2022-07-05 21:25:25,435][smac.intensification.intensification.Intensifier][INFO] - First run, no incumbent provided; challenger is assumed to be the incumbent
[2022-07-05 21:25:27,525][smac.stats.stats.Stats][INFO] - ##########################################################
[2022-07-05 21:25:27,525][smac.stats.stats.Stats][INFO] - Statistics:
[2022-07-05 21:25:27,525][smac.stats.stats.Stats][INFO] - #Incumbent changed: -1
[2022-07-05 21:25:27,525][smac.stats.stats.Stats][INFO] - #Submitted target algorithm runs: 1 / 250.0
[2022-07-05 21:25:27,525][smac.stats.stats.Stats][INFO] - #Finished target algorithm runs: 1 / 250.0
[2022-07-05 21:25:27,525][smac.stats.stats.Stats][INFO] - #Configurations: 1
[2022-07-05 21:25:27,525][smac.stats.stats.Stats][INFO] - Used wallclock time: 2.10 / inf sec 
[2022-07-05 21:25:27,525][smac.stats.stats.Stats][INFO] - Used target algorithm runtime: 2.09 / inf sec
[2022-07-05 21:25:27,525][smac.stats.stats.Stats][INFO] - ##########################################################
[2022-07-05 21:25:27,525][smac.facade.smac_bb_facade.SMAC4BB][INFO] - Final Incumbent: None
