[2022-07-06 19:04:30,795][smac.utils.io.cmd_reader.CMDReader][INFO] - Output to smac3-output_2022-07-06_19:04:30_794870
[2022-07-06 19:04:30,796][smac.facade.smac_bb_facade.SMAC4BB][INFO] - Optimizing a deterministic scenario for quality without a tuner timeout - will make SMAC deterministic and only evaluate one configuration per iteration!
[2022-07-06 19:04:30,797][smac.initial_design.sobol_design.SobolDesign][INFO] - Running initial design for 2 configurations
[2022-07-06 19:04:30,797][smac.facade.smac_bb_facade.SMAC4BB][INFO] - <class 'smac.facade.smac_bb_facade.SMAC4BB'>
[2022-07-06 19:04:30,797][smac.optimizer.smbo.SMBO][INFO] - Running initial design
[2022-07-06 19:04:30,807][smac.intensification.intensification.Intensifier][INFO] - First run, no incumbent provided; challenger is assumed to be the incumbent
[2022-07-06 19:04:35,746][absl][INFO] - Unable to initialize backend 'tpu_driver': NOT_FOUND: Unable to find driver in registry given worker: 
[2022-07-06 19:04:35,746][absl][INFO] - Unable to initialize backend 'gpu': NOT_FOUND: Could not find registered platform with name: "cuda". Available platform names are: Host Interpreter
[2022-07-06 19:04:35,746][absl][INFO] - Unable to initialize backend 'tpu': INVALID_ARGUMENT: TpuPlatform is not available.
[2022-07-06 19:04:35,746][absl][WARNING] - No GPU/TPU found, falling back to CPU. (Set TF_CPP_MIN_LOG_LEVEL=0 and rerun for more info.)
[2022-07-06 19:04:37,734][TrainMonitor][INFO] - ep: 1,	T: 201,	G: -1.32e+03,	avg_r: -6.62,	avg_G: -1.32e+03,	t: 200,	dt: 2.604ms
[2022-07-06 19:04:38,000][TrainMonitor][INFO] - ep: 2,	T: 402,	G: -1.72e+03,	avg_r: -8.59,	avg_G: -1.52e+03,	t: 200,	dt: 1.330ms
[2022-07-06 19:04:38,265][TrainMonitor][INFO] - ep: 3,	T: 603,	G: -1.67e+03,	avg_r: -8.37,	avg_G: -1.57e+03,	t: 200,	dt: 1.320ms
[2022-07-06 19:04:38,527][TrainMonitor][INFO] - ep: 4,	T: 804,	G: -1.38e+03,	avg_r: -6.92,	avg_G: -1.53e+03,	t: 200,	dt: 1.313ms
[2022-07-06 19:04:41,592][TrainMonitor][INFO] - ep: 5,	T: 1,005,	G: -1.68e+03,	avg_r: -8.38,	avg_G: -1.56e+03,	t: 200,	dt: 15.321ms,	SoftClippedDoubleQLearning/EntropyRegularizer/entropy: 0.838,	SoftClippedDoubleQLearning/loss: 546
[2022-07-06 19:04:47,579][TrainMonitor][INFO] - ep: 6,	T: 1,206,	G: -1.25e+03,	avg_r: -6.23,	avg_G: -1.5e+03,	t: 200,	dt: 29.933ms,	SoftClippedDoubleQLearning/EntropyRegularizer/entropy: 1.15,	SoftClippedDoubleQLearning/loss: 316,	SoftPG/EntropyRegularizer/entropy: 1.58,	SoftPG/loss: -0.256
[2022-07-06 19:04:48,498][TrainMonitor][INFO] - ep: 7,	T: 1,407,	G: -1.29e+03,	avg_r: -6.46,	avg_G: -1.47e+03,	t: 200,	dt: 4.595ms,	SoftClippedDoubleQLearning/EntropyRegularizer/entropy: 1.56,	SoftClippedDoubleQLearning/loss: 95.9,	SoftPG/EntropyRegularizer/entropy: 2.17,	SoftPG/loss: -0.0655
[2022-07-06 19:04:49,422][TrainMonitor][INFO] - ep: 8,	T: 1,608,	G: -1.52e+03,	avg_r: -7.58,	avg_G: -1.48e+03,	t: 200,	dt: 4.620ms,	SoftClippedDoubleQLearning/EntropyRegularizer/entropy: 1.32,	SoftClippedDoubleQLearning/loss: 12.9,	SoftPG/EntropyRegularizer/entropy: 1.84,	SoftPG/loss: 0.626
[2022-07-06 19:04:50,366][TrainMonitor][INFO] - ep: 9,	T: 1,809,	G: -1.57e+03,	avg_r: -7.86,	avg_G: -1.49e+03,	t: 200,	dt: 4.722ms,	SoftClippedDoubleQLearning/EntropyRegularizer/entropy: 1.18,	SoftClippedDoubleQLearning/loss: 8.56,	SoftPG/EntropyRegularizer/entropy: 1.64,	SoftPG/loss: 1.79
[2022-07-06 19:04:51,300][TrainMonitor][INFO] - ep: 10,	T: 2,010,	G: -1.18e+03,	avg_r: -5.89,	avg_G: -1.46e+03,	t: 200,	dt: 4.667ms,	SoftClippedDoubleQLearning/EntropyRegularizer/entropy: 1.15,	SoftClippedDoubleQLearning/loss: 6.92,	SoftPG/EntropyRegularizer/entropy: 1.6,	SoftPG/loss: 3.48
[2022-07-06 19:04:52,232][TrainMonitor][INFO] - ep: 11,	T: 2,211,	G: -1.24e+03,	avg_r: -6.2,	avg_G: -1.44e+03,	t: 200,	dt: 4.658ms,	SoftClippedDoubleQLearning/EntropyRegularizer/entropy: 1.19,	SoftClippedDoubleQLearning/loss: 5.96,	SoftPG/EntropyRegularizer/entropy: 1.65,	SoftPG/loss: 5.6
[2022-07-06 19:04:53,198][TrainMonitor][INFO] - ep: 12,	T: 2,412,	G: -1.18e+03,	avg_r: -5.88,	avg_G: -1.41e+03,	t: 200,	dt: 4.829ms,	SoftClippedDoubleQLearning/EntropyRegularizer/entropy: 1.28,	SoftClippedDoubleQLearning/loss: 5.81,	SoftPG/EntropyRegularizer/entropy: 1.77,	SoftPG/loss: 7.99
[2022-07-06 19:04:54,158][TrainMonitor][INFO] - ep: 13,	T: 2,613,	G: -1.72e+03,	avg_r: -8.61,	avg_G: -1.44e+03,	t: 200,	dt: 4.801ms,	SoftClippedDoubleQLearning/EntropyRegularizer/entropy: 1.34,	SoftClippedDoubleQLearning/loss: 6.84,	SoftPG/EntropyRegularizer/entropy: 1.86,	SoftPG/loss: 10.5
[2022-07-06 19:04:55,125][TrainMonitor][INFO] - ep: 14,	T: 2,814,	G: -1.47e+03,	avg_r: -7.33,	avg_G: -1.44e+03,	t: 200,	dt: 4.834ms,	SoftClippedDoubleQLearning/EntropyRegularizer/entropy: 1.21,	SoftClippedDoubleQLearning/loss: 7.61,	SoftPG/EntropyRegularizer/entropy: 1.69,	SoftPG/loss: 13.1
[2022-07-06 19:04:56,124][TrainMonitor][INFO] - ep: 15,	T: 3,015,	G: -1.5e+03,	avg_r: -7.51,	avg_G: -1.45e+03,	t: 200,	dt: 4.991ms,	SoftClippedDoubleQLearning/EntropyRegularizer/entropy: 1.14,	SoftClippedDoubleQLearning/loss: 8.59,	SoftPG/EntropyRegularizer/entropy: 1.58,	SoftPG/loss: 15.7
[2022-07-06 19:04:57,064][TrainMonitor][INFO] - ep: 16,	T: 3,216,	G: -1.59e+03,	avg_r: -7.93,	avg_G: -1.46e+03,	t: 200,	dt: 4.700ms,	SoftClippedDoubleQLearning/EntropyRegularizer/entropy: 1.09,	SoftClippedDoubleQLearning/loss: 9.2,	SoftPG/EntropyRegularizer/entropy: 1.52,	SoftPG/loss: 18.3
[2022-07-06 19:04:58,104][TrainMonitor][INFO] - ep: 17,	T: 3,417,	G: -1.43e+03,	avg_r: -7.14,	avg_G: -1.46e+03,	t: 200,	dt: 5.199ms,	SoftClippedDoubleQLearning/EntropyRegularizer/entropy: 1.15,	SoftClippedDoubleQLearning/loss: 10.7,	SoftPG/EntropyRegularizer/entropy: 1.6,	SoftPG/loss: 21.1
[2022-07-06 19:04:59,229][TrainMonitor][INFO] - ep: 18,	T: 3,618,	G: -1.41e+03,	avg_r: -7.04,	avg_G: -1.45e+03,	t: 200,	dt: 5.623ms,	SoftClippedDoubleQLearning/EntropyRegularizer/entropy: 1.2,	SoftClippedDoubleQLearning/loss: 10.3,	SoftPG/EntropyRegularizer/entropy: 1.67,	SoftPG/loss: 23.4
[2022-07-06 19:05:00,230][TrainMonitor][INFO] - ep: 19,	T: 3,819,	G: -1.45e+03,	avg_r: -7.26,	avg_G: -1.45e+03,	t: 200,	dt: 5.000ms,	SoftClippedDoubleQLearning/EntropyRegularizer/entropy: 1.16,	SoftClippedDoubleQLearning/loss: 11.2,	SoftPG/EntropyRegularizer/entropy: 1.61,	SoftPG/loss: 25.7
[2022-07-06 19:05:01,299][TrainMonitor][INFO] - ep: 20,	T: 4,020,	G: -445,	avg_r: -2.23,	avg_G: -1.35e+03,	t: 200,	dt: 5.345ms,	SoftClippedDoubleQLearning/EntropyRegularizer/entropy: 1.15,	SoftClippedDoubleQLearning/loss: 14.3,	SoftPG/EntropyRegularizer/entropy: 1.61,	SoftPG/loss: 27.4
[2022-07-06 19:05:02,303][TrainMonitor][INFO] - ep: 21,	T: 4,221,	G: -1.3e+03,	avg_r: -6.51,	avg_G: -1.35e+03,	t: 200,	dt: 5.022ms,	SoftClippedDoubleQLearning/EntropyRegularizer/entropy: 1.14,	SoftClippedDoubleQLearning/loss: 14.1,	SoftPG/EntropyRegularizer/entropy: 1.59,	SoftPG/loss: 29.3
[2022-07-06 19:05:03,372][TrainMonitor][INFO] - ep: 22,	T: 4,422,	G: -1.46e+03,	avg_r: -7.32,	avg_G: -1.36e+03,	t: 200,	dt: 5.339ms,	SoftClippedDoubleQLearning/EntropyRegularizer/entropy: 1.16,	SoftClippedDoubleQLearning/loss: 14.6,	SoftPG/EntropyRegularizer/entropy: 1.62,	SoftPG/loss: 31.1
[2022-07-06 19:05:04,483][TrainMonitor][INFO] - ep: 23,	T: 4,623,	G: -1.4e+03,	avg_r: -6.99,	avg_G: -1.36e+03,	t: 200,	dt: 5.558ms,	SoftClippedDoubleQLearning/EntropyRegularizer/entropy: 1.18,	SoftClippedDoubleQLearning/loss: 16.2,	SoftPG/EntropyRegularizer/entropy: 1.63,	SoftPG/loss: 32.6
[2022-07-06 19:05:05,432][TrainMonitor][INFO] - ep: 24,	T: 4,824,	G: -516,	avg_r: -2.58,	avg_G: -1.28e+03,	t: 200,	dt: 4.742ms,	SoftClippedDoubleQLearning/EntropyRegularizer/entropy: 1.18,	SoftClippedDoubleQLearning/loss: 16.5,	SoftPG/EntropyRegularizer/entropy: 1.65,	SoftPG/loss: 34
[2022-07-06 19:05:06,390][TrainMonitor][INFO] - ep: 25,	T: 5,025,	G: -1.13e+03,	avg_r: -5.64,	avg_G: -1.26e+03,	t: 200,	dt: 4.791ms,	SoftClippedDoubleQLearning/EntropyRegularizer/entropy: 1.21,	SoftClippedDoubleQLearning/loss: 17.3,	SoftPG/EntropyRegularizer/entropy: 1.68,	SoftPG/loss: 35.2
[2022-07-06 19:05:07,370][TrainMonitor][INFO] - ep: 26,	T: 5,226,	G: -892,	avg_r: -4.46,	avg_G: -1.23e+03,	t: 200,	dt: 4.900ms,	SoftClippedDoubleQLearning/EntropyRegularizer/entropy: 1.22,	SoftClippedDoubleQLearning/loss: 19.2,	SoftPG/EntropyRegularizer/entropy: 1.69,	SoftPG/loss: 35.9
[2022-07-06 19:05:08,414][TrainMonitor][INFO] - ep: 27,	T: 5,427,	G: -987,	avg_r: -4.94,	avg_G: -1.2e+03,	t: 200,	dt: 5.219ms,	SoftClippedDoubleQLearning/EntropyRegularizer/entropy: 1.21,	SoftClippedDoubleQLearning/loss: 18.8,	SoftPG/EntropyRegularizer/entropy: 1.68,	SoftPG/loss: 36.9
[2022-07-06 19:05:09,478][TrainMonitor][INFO] - ep: 28,	T: 5,628,	G: -1.45e+03,	avg_r: -7.26,	avg_G: -1.23e+03,	t: 200,	dt: 5.318ms,	SoftClippedDoubleQLearning/EntropyRegularizer/entropy: 1.17,	SoftClippedDoubleQLearning/loss: 18.7,	SoftPG/EntropyRegularizer/entropy: 1.62,	SoftPG/loss: 37.7
[2022-07-06 19:05:10,462][TrainMonitor][INFO] - ep: 29,	T: 5,829,	G: -807,	avg_r: -4.04,	avg_G: -1.19e+03,	t: 200,	dt: 4.920ms,	SoftClippedDoubleQLearning/EntropyRegularizer/entropy: 1.09,	SoftClippedDoubleQLearning/loss: 20.8,	SoftPG/EntropyRegularizer/entropy: 1.51,	SoftPG/loss: 38.4
[2022-07-06 19:05:11,431][TrainMonitor][INFO] - ep: 30,	T: 6,030,	G: -560,	avg_r: -2.8,	avg_G: -1.12e+03,	t: 200,	dt: 4.844ms,	SoftClippedDoubleQLearning/EntropyRegularizer/entropy: 1.1,	SoftClippedDoubleQLearning/loss: 19.6,	SoftPG/EntropyRegularizer/entropy: 1.53,	SoftPG/loss: 39.2
[2022-07-06 19:05:12,412][TrainMonitor][INFO] - ep: 31,	T: 6,231,	G: -7.95,	avg_r: -0.0397,	avg_G: -1.01e+03,	t: 200,	dt: 4.901ms,	SoftClippedDoubleQLearning/EntropyRegularizer/entropy: 1.09,	SoftClippedDoubleQLearning/loss: 20.5,	SoftPG/EntropyRegularizer/entropy: 1.52,	SoftPG/loss: 38.9
[2022-07-06 19:05:13,370][TrainMonitor][INFO] - ep: 32,	T: 6,432,	G: -2.94,	avg_r: -0.0147,	avg_G: -911,	t: 200,	dt: 4.789ms,	SoftClippedDoubleQLearning/EntropyRegularizer/entropy: 1.09,	SoftClippedDoubleQLearning/loss: 21.1,	SoftPG/EntropyRegularizer/entropy: 1.52,	SoftPG/loss: 38.6
[2022-07-06 19:05:14,362][TrainMonitor][INFO] - ep: 33,	T: 6,633,	G: -125,	avg_r: -0.627,	avg_G: -832,	t: 200,	dt: 4.959ms,	SoftClippedDoubleQLearning/EntropyRegularizer/entropy: 1.1,	SoftClippedDoubleQLearning/loss: 19.8,	SoftPG/EntropyRegularizer/entropy: 1.53,	SoftPG/loss: 37.9
[2022-07-06 19:05:15,342][TrainMonitor][INFO] - ep: 34,	T: 6,834,	G: -398,	avg_r: -1.99,	avg_G: -789,	t: 200,	dt: 4.899ms,	SoftClippedDoubleQLearning/EntropyRegularizer/entropy: 1.02,	SoftClippedDoubleQLearning/loss: 19.5,	SoftPG/EntropyRegularizer/entropy: 1.42,	SoftPG/loss: 37.2
[2022-07-06 19:05:16,372][TrainMonitor][INFO] - ep: 35,	T: 7,035,	G: -1.33,	avg_r: -0.00663,	avg_G: -710,	t: 200,	dt: 5.152ms,	SoftClippedDoubleQLearning/EntropyRegularizer/entropy: 1.02,	SoftClippedDoubleQLearning/loss: 19.7,	SoftPG/EntropyRegularizer/entropy: 1.41,	SoftPG/loss: 37.5
[2022-07-06 19:05:17,418][TrainMonitor][INFO] - ep: 36,	T: 7,236,	G: -0.727,	avg_r: -0.00363,	avg_G: -639,	t: 200,	dt: 5.228ms,	SoftClippedDoubleQLearning/EntropyRegularizer/entropy: 1.03,	SoftClippedDoubleQLearning/loss: 19.8,	SoftPG/EntropyRegularizer/entropy: 1.43,	SoftPG/loss: 36.9
[2022-07-06 19:05:18,380][TrainMonitor][INFO] - ep: 37,	T: 7,437,	G: -5.31,	avg_r: -0.0266,	avg_G: -576,	t: 200,	dt: 4.808ms,	SoftClippedDoubleQLearning/EntropyRegularizer/entropy: 1.01,	SoftClippedDoubleQLearning/loss: 18.6,	SoftPG/EntropyRegularizer/entropy: 1.41,	SoftPG/loss: 36
[2022-07-06 19:05:19,340][TrainMonitor][INFO] - ep: 38,	T: 7,638,	G: -519,	avg_r: -2.59,	avg_G: -570,	t: 200,	dt: 4.798ms,	SoftClippedDoubleQLearning/EntropyRegularizer/entropy: 0.996,	SoftClippedDoubleQLearning/loss: 19.3,	SoftPG/EntropyRegularizer/entropy: 1.38,	SoftPG/loss: 36
[2022-07-06 19:05:20,321][TrainMonitor][INFO] - ep: 39,	T: 7,839,	G: -818,	avg_r: -4.09,	avg_G: -595,	t: 200,	dt: 4.904ms,	SoftClippedDoubleQLearning/EntropyRegularizer/entropy: 0.956,	SoftClippedDoubleQLearning/loss: 18.5,	SoftPG/EntropyRegularizer/entropy: 1.33,	SoftPG/loss: 36.2
[2022-07-06 19:05:21,317][TrainMonitor][INFO] - ep: 40,	T: 8,040,	G: -1.56e+03,	avg_r: -7.8,	avg_G: -691,	t: 200,	dt: 4.981ms,	SoftClippedDoubleQLearning/EntropyRegularizer/entropy: 0.943,	SoftClippedDoubleQLearning/loss: 19.4,	SoftPG/EntropyRegularizer/entropy: 1.32,	SoftPG/loss: 35.8
[2022-07-06 19:05:22,391][TrainMonitor][INFO] - ep: 41,	T: 8,241,	G: -1.77e+03,	avg_r: -8.87,	avg_G: -800,	t: 200,	dt: 5.367ms,	SoftClippedDoubleQLearning/EntropyRegularizer/entropy: 0.95,	SoftClippedDoubleQLearning/loss: 21.8,	SoftPG/EntropyRegularizer/entropy: 1.33,	SoftPG/loss: 36.5
[2022-07-06 19:05:23,528][TrainMonitor][INFO] - ep: 42,	T: 8,442,	G: -0.856,	avg_r: -0.00428,	avg_G: -720,	t: 200,	dt: 5.686ms,	SoftClippedDoubleQLearning/EntropyRegularizer/entropy: 0.958,	SoftClippedDoubleQLearning/loss: 22.1,	SoftPG/EntropyRegularizer/entropy: 1.33,	SoftPG/loss: 36.2
[2022-07-06 19:05:24,533][TrainMonitor][INFO] - ep: 43,	T: 8,643,	G: -1.95e+03,	avg_r: -9.75,	avg_G: -843,	t: 200,	dt: 5.026ms,	SoftClippedDoubleQLearning/EntropyRegularizer/entropy: 0.968,	SoftClippedDoubleQLearning/loss: 21,	SoftPG/EntropyRegularizer/entropy: 1.35,	SoftPG/loss: 35.5
[2022-07-06 19:05:25,552][TrainMonitor][INFO] - ep: 44,	T: 8,844,	G: -726,	avg_r: -3.63,	avg_G: -831,	t: 200,	dt: 5.092ms,	SoftClippedDoubleQLearning/EntropyRegularizer/entropy: 0.914,	SoftClippedDoubleQLearning/loss: 20.6,	SoftPG/EntropyRegularizer/entropy: 1.27,	SoftPG/loss: 35.8
[2022-07-06 19:05:26,543][TrainMonitor][INFO] - ep: 45,	T: 9,045,	G: -1.46e+03,	avg_r: -7.29,	avg_G: -894,	t: 200,	dt: 4.951ms,	SoftClippedDoubleQLearning/EntropyRegularizer/entropy: 0.897,	SoftClippedDoubleQLearning/loss: 20.2,	SoftPG/EntropyRegularizer/entropy: 1.25,	SoftPG/loss: 36.5
[2022-07-06 19:05:27,539][TrainMonitor][INFO] - ep: 46,	T: 9,246,	G: -1.29e+03,	avg_r: -6.46,	avg_G: -934,	t: 200,	dt: 4.981ms,	SoftClippedDoubleQLearning/EntropyRegularizer/entropy: 0.904,	SoftClippedDoubleQLearning/loss: 22.1,	SoftPG/EntropyRegularizer/entropy: 1.25,	SoftPG/loss: 36.8
[2022-07-06 19:05:28,606][TrainMonitor][INFO] - ep: 47,	T: 9,447,	G: -0.621,	avg_r: -0.0031,	avg_G: -840,	t: 200,	dt: 5.333ms,	SoftClippedDoubleQLearning/EntropyRegularizer/entropy: 0.894,	SoftClippedDoubleQLearning/loss: 20.3,	SoftPG/EntropyRegularizer/entropy: 1.24,	SoftPG/loss: 36.7
[2022-07-06 19:05:29,586][TrainMonitor][INFO] - ep: 48,	T: 9,648,	G: -1.36e+03,	avg_r: -6.78,	avg_G: -892,	t: 200,	dt: 4.897ms,	SoftClippedDoubleQLearning/EntropyRegularizer/entropy: 0.904,	SoftClippedDoubleQLearning/loss: 22.1,	SoftPG/EntropyRegularizer/entropy: 1.26,	SoftPG/loss: 36.8
[2022-07-06 19:05:30,580][TrainMonitor][INFO] - ep: 49,	T: 9,849,	G: -1.56e+03,	avg_r: -7.8,	avg_G: -959,	t: 200,	dt: 4.970ms,	SoftClippedDoubleQLearning/EntropyRegularizer/entropy: 0.919,	SoftClippedDoubleQLearning/loss: 22.4,	SoftPG/EntropyRegularizer/entropy: 1.28,	SoftPG/loss: 37.6
[2022-07-06 19:05:36,393][smac.intensification.intensification.Intensifier][INFO] - First run, no incumbent provided; challenger is assumed to be the incumbent
[2022-07-06 19:05:36,394][smac.intensification.intensification.Intensifier][INFO] - Updated estimated cost of incumbent on 1 runs: -1173.2014
[2022-07-06 19:05:41,576][absl][INFO] - Unable to initialize backend 'tpu_driver': NOT_FOUND: Unable to find driver in registry given worker: 
[2022-07-06 19:05:41,576][absl][INFO] - Unable to initialize backend 'gpu': NOT_FOUND: Could not find registered platform with name: "cuda". Available platform names are: Host Interpreter
[2022-07-06 19:05:41,576][absl][INFO] - Unable to initialize backend 'tpu': INVALID_ARGUMENT: TpuPlatform is not available.
[2022-07-06 19:05:41,576][absl][WARNING] - No GPU/TPU found, falling back to CPU. (Set TF_CPP_MIN_LOG_LEVEL=0 and rerun for more info.)
[2022-07-06 19:05:43,440][TrainMonitor][INFO] - ep: 1,	T: 201,	G: -1.16e+03,	avg_r: -5.78,	avg_G: -1.16e+03,	t: 200,	dt: 2.644ms
[2022-07-06 19:05:43,705][TrainMonitor][INFO] - ep: 2,	T: 402,	G: -1.62e+03,	avg_r: -8.08,	avg_G: -1.39e+03,	t: 200,	dt: 1.324ms
[2022-07-06 19:05:43,965][TrainMonitor][INFO] - ep: 3,	T: 603,	G: -965,	avg_r: -4.82,	avg_G: -1.25e+03,	t: 200,	dt: 1.297ms
[2022-07-06 19:05:44,231][TrainMonitor][INFO] - ep: 4,	T: 804,	G: -1.13e+03,	avg_r: -5.63,	avg_G: -1.22e+03,	t: 200,	dt: 1.330ms
[2022-07-06 19:05:47,321][TrainMonitor][INFO] - ep: 5,	T: 1,005,	G: -1.45e+03,	avg_r: -7.25,	avg_G: -1.26e+03,	t: 200,	dt: 15.449ms,	SoftClippedDoubleQLearning/EntropyRegularizer/entropy: 0.838,	SoftClippedDoubleQLearning/loss: 431
[2022-07-06 19:05:53,512][TrainMonitor][INFO] - ep: 6,	T: 1,206,	G: -1.25e+03,	avg_r: -6.25,	avg_G: -1.26e+03,	t: 200,	dt: 30.955ms,	SoftClippedDoubleQLearning/EntropyRegularizer/entropy: 1.2,	SoftClippedDoubleQLearning/loss: 235,	SoftPG/EntropyRegularizer/entropy: 1.65,	SoftPG/loss: -0.262
[2022-07-06 19:05:54,489][TrainMonitor][INFO] - ep: 7,	T: 1,407,	G: -1.15e+03,	avg_r: -5.75,	avg_G: -1.24e+03,	t: 200,	dt: 4.884ms,	SoftClippedDoubleQLearning/EntropyRegularizer/entropy: 1.59,	SoftClippedDoubleQLearning/loss: 56,	SoftPG/EntropyRegularizer/entropy: 2.21,	SoftPG/loss: -0.0761
[2022-07-06 19:05:55,915][TrainMonitor][INFO] - ep: 8,	T: 1,608,	G: -1.42e+03,	avg_r: -7.11,	avg_G: -1.27e+03,	t: 200,	dt: 7.129ms,	SoftClippedDoubleQLearning/EntropyRegularizer/entropy: 1.39,	SoftClippedDoubleQLearning/loss: 8.53,	SoftPG/EntropyRegularizer/entropy: 1.92,	SoftPG/loss: 0.527
[2022-07-06 19:05:56,950][TrainMonitor][INFO] - ep: 9,	T: 1,809,	G: -1.59e+03,	avg_r: -7.95,	avg_G: -1.3e+03,	t: 200,	dt: 5.172ms,	SoftClippedDoubleQLearning/EntropyRegularizer/entropy: 1.23,	SoftClippedDoubleQLearning/loss: 6.75,	SoftPG/EntropyRegularizer/entropy: 1.71,	SoftPG/loss: 1.49
[2022-07-06 19:05:58,201][TrainMonitor][INFO] - ep: 10,	T: 2,010,	G: -1.33e+03,	avg_r: -6.64,	avg_G: -1.31e+03,	t: 200,	dt: 6.255ms,	SoftClippedDoubleQLearning/EntropyRegularizer/entropy: 1.16,	SoftClippedDoubleQLearning/loss: 6.22,	SoftPG/EntropyRegularizer/entropy: 1.6,	SoftPG/loss: 2.97
[2022-07-06 19:05:59,142][TrainMonitor][INFO] - ep: 11,	T: 2,211,	G: -1.3e+03,	avg_r: -6.49,	avg_G: -1.3e+03,	t: 200,	dt: 4.705ms,	SoftClippedDoubleQLearning/EntropyRegularizer/entropy: 1.06,	SoftClippedDoubleQLearning/loss: 7.08,	SoftPG/EntropyRegularizer/entropy: 1.48,	SoftPG/loss: 4.91
[2022-07-06 19:06:00,065][TrainMonitor][INFO] - ep: 12,	T: 2,412,	G: -1.6e+03,	avg_r: -8,	avg_G: -1.33e+03,	t: 200,	dt: 4.613ms,	SoftClippedDoubleQLearning/EntropyRegularizer/entropy: 0.977,	SoftClippedDoubleQLearning/loss: 6.81,	SoftPG/EntropyRegularizer/entropy: 1.36,	SoftPG/loss: 7.1
[2022-07-06 19:06:01,083][TrainMonitor][INFO] - ep: 13,	T: 2,613,	G: -1.2e+03,	avg_r: -6.01,	avg_G: -1.32e+03,	t: 200,	dt: 5.088ms,	SoftClippedDoubleQLearning/EntropyRegularizer/entropy: 1,	SoftClippedDoubleQLearning/loss: 7.43,	SoftPG/EntropyRegularizer/entropy: 1.4,	SoftPG/loss: 9.36
[2022-07-06 19:06:02,127][TrainMonitor][INFO] - ep: 14,	T: 2,814,	G: -1.29e+03,	avg_r: -6.43,	avg_G: -1.32e+03,	t: 200,	dt: 5.220ms,	SoftClippedDoubleQLearning/EntropyRegularizer/entropy: 0.991,	SoftClippedDoubleQLearning/loss: 8.34,	SoftPG/EntropyRegularizer/entropy: 1.38,	SoftPG/loss: 11.9
[2022-07-06 19:06:03,106][TrainMonitor][INFO] - ep: 15,	T: 3,015,	G: -1.35e+03,	avg_r: -6.74,	avg_G: -1.32e+03,	t: 200,	dt: 4.893ms,	SoftClippedDoubleQLearning/EntropyRegularizer/entropy: 1.03,	SoftClippedDoubleQLearning/loss: 9.02,	SoftPG/EntropyRegularizer/entropy: 1.43,	SoftPG/loss: 14.3
[2022-07-06 19:06:04,098][TrainMonitor][INFO] - ep: 16,	T: 3,216,	G: -1.35e+03,	avg_r: -6.73,	avg_G: -1.32e+03,	t: 200,	dt: 4.958ms,	SoftClippedDoubleQLearning/EntropyRegularizer/entropy: 1,	SoftClippedDoubleQLearning/loss: 10.4,	SoftPG/EntropyRegularizer/entropy: 1.39,	SoftPG/loss: 17
[2022-07-06 19:06:05,054][TrainMonitor][INFO] - ep: 17,	T: 3,417,	G: -669,	avg_r: -3.35,	avg_G: -1.26e+03,	t: 200,	dt: 4.783ms,	SoftClippedDoubleQLearning/EntropyRegularizer/entropy: 0.993,	SoftClippedDoubleQLearning/loss: 11.7,	SoftPG/EntropyRegularizer/entropy: 1.38,	SoftPG/loss: 19.4
[2022-07-06 19:06:08,475][smac.stats.stats.Stats][INFO] - ##########################################################
[2022-07-06 19:06:08,477][smac.stats.stats.Stats][INFO] - Statistics:
[2022-07-06 19:06:08,477][smac.stats.stats.Stats][INFO] - #Incumbent changed: 0
[2022-07-06 19:06:08,477][smac.stats.stats.Stats][INFO] - #Submitted target algorithm runs: 5 / 250.0
[2022-07-06 19:06:08,478][smac.stats.stats.Stats][INFO] - #Finished target algorithm runs: 5 / 250.0
[2022-07-06 19:06:08,478][smac.stats.stats.Stats][INFO] - #Configurations: 5
[2022-07-06 19:06:08,478][smac.stats.stats.Stats][INFO] - Used wallclock time: 97.68 / inf sec 
[2022-07-06 19:06:08,479][smac.stats.stats.Stats][INFO] - Used target algorithm runtime: 97.14 / inf sec
[2022-07-06 19:06:08,479][smac.stats.stats.Stats][INFO] - ##########################################################
[2022-07-06 19:06:08,479][smac.facade.smac_bb_facade.SMAC4BB][INFO] - Final Incumbent: Configuration:
  dt, Value: False
  g, Value: False
  l, Value: True
  m, Value: False
  max_speed, Value: True

[2022-07-06 19:06:08,480][smac.facade.smac_bb_facade.SMAC4BB][INFO] - Estimated cost of incumbent: -1173.201357
