[2022-07-05 21:44:15,714][smac.utils.io.cmd_reader.CMDReader][INFO] - Output to smac3-output_2022-07-05_21:44:15_714418
[2022-07-05 21:44:15,715][smac.facade.smac_bb_facade.SMAC4BB][INFO] - Optimizing a deterministic scenario for quality without a tuner timeout - will make SMAC deterministic and only evaluate one configuration per iteration!
[2022-07-05 21:44:15,716][smac.initial_design.sobol_design.SobolDesign][INFO] - Running initial design for 2 configurations
[2022-07-05 21:44:15,716][smac.facade.smac_bb_facade.SMAC4BB][INFO] - <class 'smac.facade.smac_bb_facade.SMAC4BB'>
[2022-07-05 21:44:15,716][smac.optimizer.smbo.SMBO][INFO] - Running initial design
[2022-07-05 21:44:15,725][smac.intensification.intensification.Intensifier][INFO] - First run, no incumbent provided; challenger is assumed to be the incumbent
[2022-07-05 21:44:20,792][absl][INFO] - Unable to initialize backend 'tpu_driver': NOT_FOUND: Unable to find driver in registry given worker: 
[2022-07-05 21:44:20,792][absl][INFO] - Unable to initialize backend 'gpu': NOT_FOUND: Could not find registered platform with name: "cuda". Available platform names are: Interpreter Host
[2022-07-05 21:44:20,793][absl][INFO] - Unable to initialize backend 'tpu': INVALID_ARGUMENT: TpuPlatform is not available.
[2022-07-05 21:44:20,793][absl][WARNING] - No GPU/TPU found, falling back to CPU. (Set TF_CPP_MIN_LOG_LEVEL=0 and rerun for more info.)
[2022-07-05 21:44:22,599][TrainMonitor][INFO] - ep: 1,	T: 201,	G: -815,	avg_r: -4.07,	avg_G: -815,	t: 200,	dt: 2.556ms
[2022-07-05 21:44:22,870][TrainMonitor][INFO] - ep: 2,	T: 402,	G: -1.57e+03,	avg_r: -7.87,	avg_G: -1.19e+03,	t: 200,	dt: 1.356ms
[2022-07-05 21:44:31,197][TrainMonitor][INFO] - ep: 3,	T: 603,	G: -1.07e+03,	avg_r: -5.37,	avg_G: -1.15e+03,	t: 200,	dt: 41.636ms,	SoftClippedDoubleQLearning/EntropyRegularizer/entropy: 0.878,	SoftClippedDoubleQLearning/loss: 333,	SoftPG/EntropyRegularizer/entropy: 1.21,	SoftPG/loss: -0.236
[2022-07-05 21:44:32,076][TrainMonitor][INFO] - ep: 4,	T: 804,	G: -1.43e+03,	avg_r: -7.14,	avg_G: -1.22e+03,	t: 200,	dt: 4.392ms,	SoftClippedDoubleQLearning/EntropyRegularizer/entropy: 1.55,	SoftClippedDoubleQLearning/loss: 59.3,	SoftPG/EntropyRegularizer/entropy: 2.15,	SoftPG/loss: -0.273
[2022-07-05 21:44:33,020][smac.stats.stats.Stats][INFO] - ##########################################################
[2022-07-05 21:44:33,020][smac.stats.stats.Stats][INFO] - Statistics:
[2022-07-05 21:44:33,020][smac.stats.stats.Stats][INFO] - #Incumbent changed: -1
[2022-07-05 21:44:33,020][smac.stats.stats.Stats][INFO] - #Submitted target algorithm runs: 1 / 250.0
[2022-07-05 21:44:33,020][smac.stats.stats.Stats][INFO] - #Finished target algorithm runs: 1 / 250.0
[2022-07-05 21:44:33,020][smac.stats.stats.Stats][INFO] - #Configurations: 1
[2022-07-05 21:44:33,020][smac.stats.stats.Stats][INFO] - Used wallclock time: 17.30 / inf sec 
[2022-07-05 21:44:33,020][smac.stats.stats.Stats][INFO] - Used target algorithm runtime: 17.29 / inf sec
[2022-07-05 21:44:33,020][smac.stats.stats.Stats][INFO] - ##########################################################
[2022-07-05 21:44:33,020][smac.facade.smac_bb_facade.SMAC4BB][INFO] - Final Incumbent: None
