[2022-07-05 21:14:17,100][smac.utils.io.cmd_reader.CMDReader][INFO] - Output to smac3-output_2022-07-05_21:14:17_099929
[2022-07-05 21:14:23,659][absl][INFO] - Unable to initialize backend 'tpu_driver': NOT_FOUND: Unable to find driver in registry given worker: 
[2022-07-05 21:14:23,659][absl][INFO] - Unable to initialize backend 'gpu': NOT_FOUND: Could not find registered platform with name: "cuda". Available platform names are: Interpreter Host
[2022-07-05 21:14:23,659][absl][INFO] - Unable to initialize backend 'tpu': INVALID_ARGUMENT: TpuPlatform is not available.
[2022-07-05 21:14:23,659][absl][WARNING] - No GPU/TPU found, falling back to CPU. (Set TF_CPP_MIN_LOG_LEVEL=0 and rerun for more info.)
[2022-07-05 21:14:25,716][TrainMonitor][INFO] - ep: 1,	T: 201,	G: -1.66e+03,	avg_r: -8.31,	avg_G: -1.66e+03,	t: 200,	dt: 2.629ms
[2022-07-05 21:14:25,991][TrainMonitor][INFO] - ep: 2,	T: 402,	G: -847,	avg_r: -4.23,	avg_G: -1.25e+03,	t: 200,	dt: 1.375ms
[2022-07-05 21:14:34,513][TrainMonitor][INFO] - ep: 3,	T: 603,	G: -896,	avg_r: -4.48,	avg_G: -1.13e+03,	t: 200,	dt: 42.607ms,	SoftClippedDoubleQLearning/EntropyRegularizer/entropy: 0.886,	SoftClippedDoubleQLearning/loss: 370,	SoftPG/EntropyRegularizer/entropy: 1.22,	SoftPG/loss: -0.237
[2022-07-05 21:14:35,535][TrainMonitor][INFO] - ep: 4,	T: 804,	G: -1.18e+03,	avg_r: -5.9,	avg_G: -1.15e+03,	t: 200,	dt: 5.109ms,	SoftClippedDoubleQLearning/EntropyRegularizer/entropy: 1.6,	SoftClippedDoubleQLearning/loss: 98.6,	SoftPG/EntropyRegularizer/entropy: 2.22,	SoftPG/loss: -0.269
[2022-07-05 21:14:43,223][smac.facade.smac_bb_facade.SMAC4BB][INFO] - Optimizing a deterministic scenario for quality without a tuner timeout - will make SMAC deterministic and only evaluate one configuration per iteration!
[2022-07-05 21:14:43,229][smac.initial_design.sobol_design.SobolDesign][INFO] - Running initial design for 2 configurations
[2022-07-05 21:14:43,230][smac.facade.smac_bb_facade.SMAC4BB][INFO] - <class 'smac.facade.smac_bb_facade.SMAC4BB'>
[2022-07-05 21:14:43,230][smac.optimizer.smbo.SMBO][INFO] - Running initial design
[2022-07-05 21:14:43,240][smac.intensification.intensification.Intensifier][INFO] - First run, no incumbent provided; challenger is assumed to be the incumbent
[2022-07-05 21:14:45,343][smac.stats.stats.Stats][INFO] - ##########################################################
[2022-07-05 21:14:45,343][smac.stats.stats.Stats][INFO] - Statistics:
[2022-07-05 21:14:45,344][smac.stats.stats.Stats][INFO] - #Incumbent changed: -1
[2022-07-05 21:14:45,344][smac.stats.stats.Stats][INFO] - #Submitted target algorithm runs: 1 / 250.0
[2022-07-05 21:14:45,344][smac.stats.stats.Stats][INFO] - #Finished target algorithm runs: 1 / 250.0
[2022-07-05 21:14:45,344][smac.stats.stats.Stats][INFO] - #Configurations: 1
[2022-07-05 21:14:45,344][smac.stats.stats.Stats][INFO] - Used wallclock time: 2.11 / inf sec 
[2022-07-05 21:14:45,344][smac.stats.stats.Stats][INFO] - Used target algorithm runtime: 2.10 / inf sec
[2022-07-05 21:14:45,344][smac.stats.stats.Stats][INFO] - ##########################################################
[2022-07-05 21:14:45,344][smac.facade.smac_bb_facade.SMAC4BB][INFO] - Final Incumbent: None
