[2022-07-05 21:45:48,676][smac.utils.io.cmd_reader.CMDReader][INFO] - Output to smac3-output_2022-07-05_21:45:48_676341
[2022-07-05 21:45:48,677][smac.facade.smac_bb_facade.SMAC4BB][INFO] - Optimizing a deterministic scenario for quality without a tuner timeout - will make SMAC deterministic and only evaluate one configuration per iteration!
[2022-07-05 21:45:48,678][smac.initial_design.sobol_design.SobolDesign][INFO] - Running initial design for 2 configurations
[2022-07-05 21:45:48,678][smac.facade.smac_bb_facade.SMAC4BB][INFO] - <class 'smac.facade.smac_bb_facade.SMAC4BB'>
[2022-07-05 21:45:48,678][smac.optimizer.smbo.SMBO][INFO] - Running initial design
[2022-07-05 21:45:48,687][smac.intensification.intensification.Intensifier][INFO] - First run, no incumbent provided; challenger is assumed to be the incumbent
[2022-07-05 21:45:53,681][absl][INFO] - Unable to initialize backend 'tpu_driver': NOT_FOUND: Unable to find driver in registry given worker: 
[2022-07-05 21:45:53,682][absl][INFO] - Unable to initialize backend 'gpu': NOT_FOUND: Could not find registered platform with name: "cuda". Available platform names are: Host Interpreter
[2022-07-05 21:45:53,682][absl][INFO] - Unable to initialize backend 'tpu': INVALID_ARGUMENT: TpuPlatform is not available.
[2022-07-05 21:45:53,682][absl][WARNING] - No GPU/TPU found, falling back to CPU. (Set TF_CPP_MIN_LOG_LEVEL=0 and rerun for more info.)
[2022-07-05 21:45:55,488][TrainMonitor][INFO] - ep: 1,	T: 201,	G: -1.16e+03,	avg_r: -5.82,	avg_G: -1.16e+03,	t: 200,	dt: 2.634ms
[2022-07-05 21:45:55,763][TrainMonitor][INFO] - ep: 2,	T: 402,	G: -1.1e+03,	avg_r: -5.48,	avg_G: -1.13e+03,	t: 200,	dt: 1.375ms
[2022-07-05 21:46:04,186][TrainMonitor][INFO] - ep: 3,	T: 603,	G: -1.49e+03,	avg_r: -7.44,	avg_G: -1.25e+03,	t: 200,	dt: 42.112ms,	SoftClippedDoubleQLearning/EntropyRegularizer/entropy: 0.878,	SoftClippedDoubleQLearning/loss: 336,	SoftPG/EntropyRegularizer/entropy: 1.21,	SoftPG/loss: -0.236
[2022-07-05 21:46:05,074][TrainMonitor][INFO] - ep: 4,	T: 804,	G: -963,	avg_r: -4.81,	avg_G: -1.18e+03,	t: 200,	dt: 4.440ms,	SoftClippedDoubleQLearning/EntropyRegularizer/entropy: 1.6,	SoftClippedDoubleQLearning/loss: 76.7,	SoftPG/EntropyRegularizer/entropy: 2.23,	SoftPG/loss: -0.284
[2022-07-05 21:46:06,110][smac.stats.stats.Stats][INFO] - ##########################################################
[2022-07-05 21:46:06,110][smac.stats.stats.Stats][INFO] - Statistics:
[2022-07-05 21:46:06,110][smac.stats.stats.Stats][INFO] - #Incumbent changed: -1
[2022-07-05 21:46:06,110][smac.stats.stats.Stats][INFO] - #Submitted target algorithm runs: 1 / 250.0
[2022-07-05 21:46:06,110][smac.stats.stats.Stats][INFO] - #Finished target algorithm runs: 1 / 250.0
[2022-07-05 21:46:06,110][smac.stats.stats.Stats][INFO] - #Configurations: 1
[2022-07-05 21:46:06,110][smac.stats.stats.Stats][INFO] - Used wallclock time: 17.43 / inf sec 
[2022-07-05 21:46:06,110][smac.stats.stats.Stats][INFO] - Used target algorithm runtime: 17.42 / inf sec
[2022-07-05 21:46:06,110][smac.stats.stats.Stats][INFO] - ##########################################################
[2022-07-05 21:46:06,111][smac.facade.smac_bb_facade.SMAC4BB][INFO] - Final Incumbent: None
