[2022-07-05 21:56:52,590][smac.utils.io.cmd_reader.CMDReader][INFO] - Output to smac3-output_2022-07-05_21:56:52_590075
[2022-07-05 21:56:52,591][smac.facade.smac_bb_facade.SMAC4BB][INFO] - Optimizing a deterministic scenario for quality without a tuner timeout - will make SMAC deterministic and only evaluate one configuration per iteration!
[2022-07-05 21:56:52,592][smac.initial_design.sobol_design.SobolDesign][INFO] - Running initial design for 2 configurations
[2022-07-05 21:56:52,592][smac.facade.smac_bb_facade.SMAC4BB][INFO] - <class 'smac.facade.smac_bb_facade.SMAC4BB'>
[2022-07-05 21:56:52,592][smac.optimizer.smbo.SMBO][INFO] - Running initial design
[2022-07-05 21:56:52,601][smac.intensification.intensification.Intensifier][INFO] - First run, no incumbent provided; challenger is assumed to be the incumbent
[2022-07-05 21:56:57,554][absl][INFO] - Unable to initialize backend 'tpu_driver': NOT_FOUND: Unable to find driver in registry given worker: 
[2022-07-05 21:56:57,554][absl][INFO] - Unable to initialize backend 'gpu': NOT_FOUND: Could not find registered platform with name: "cuda". Available platform names are: Host Interpreter
[2022-07-05 21:56:57,555][absl][INFO] - Unable to initialize backend 'tpu': INVALID_ARGUMENT: TpuPlatform is not available.
[2022-07-05 21:56:57,555][absl][WARNING] - No GPU/TPU found, falling back to CPU. (Set TF_CPP_MIN_LOG_LEVEL=0 and rerun for more info.)
[2022-07-05 21:56:59,358][TrainMonitor][INFO] - ep: 1,	T: 201,	G: -1.29e+03,	avg_r: -6.44,	avg_G: -1.29e+03,	t: 200,	dt: 2.646ms
[2022-07-05 21:56:59,639][TrainMonitor][INFO] - ep: 2,	T: 402,	G: -1.12e+03,	avg_r: -5.59,	avg_G: -1.2e+03,	t: 200,	dt: 1.406ms
[2022-07-05 21:57:08,088][TrainMonitor][INFO] - ep: 3,	T: 603,	G: -1.54e+03,	avg_r: -7.71,	avg_G: -1.32e+03,	t: 200,	dt: 42.238ms,	SoftClippedDoubleQLearning/EntropyRegularizer/entropy: 0.875,	SoftClippedDoubleQLearning/loss: 363,	SoftPG/EntropyRegularizer/entropy: 1.21,	SoftPG/loss: -0.235
[2022-07-05 21:57:08,967][TrainMonitor][INFO] - ep: 4,	T: 804,	G: -1.17e+03,	avg_r: -5.86,	avg_G: -1.28e+03,	t: 200,	dt: 4.395ms,	SoftClippedDoubleQLearning/EntropyRegularizer/entropy: 1.56,	SoftClippedDoubleQLearning/loss: 123,	SoftPG/EntropyRegularizer/entropy: 2.17,	SoftPG/loss: -0.273
[2022-07-05 21:57:12,196][smac.intensification.intensification.Intensifier][INFO] - First run, no incumbent provided; challenger is assumed to be the incumbent
[2022-07-05 21:57:12,196][smac.intensification.intensification.Intensifier][INFO] - Updated estimated cost of incumbent on 1 runs: -1673.3423
[2022-07-05 21:57:17,179][absl][INFO] - Unable to initialize backend 'tpu_driver': NOT_FOUND: Unable to find driver in registry given worker: 
[2022-07-05 21:57:17,180][absl][INFO] - Unable to initialize backend 'gpu': NOT_FOUND: Could not find registered platform with name: "cuda". Available platform names are: Host Interpreter
[2022-07-05 21:57:17,180][absl][INFO] - Unable to initialize backend 'tpu': INVALID_ARGUMENT: TpuPlatform is not available.
[2022-07-05 21:57:17,180][absl][WARNING] - No GPU/TPU found, falling back to CPU. (Set TF_CPP_MIN_LOG_LEVEL=0 and rerun for more info.)
[2022-07-05 21:57:18,983][TrainMonitor][INFO] - ep: 1,	T: 201,	G: -923,	avg_r: -4.61,	avg_G: -923,	t: 200,	dt: 2.609ms
[2022-07-05 21:57:19,256][TrainMonitor][INFO] - ep: 2,	T: 402,	G: -1.2e+03,	avg_r: -6,	avg_G: -1.06e+03,	t: 200,	dt: 1.365ms
[2022-07-05 21:57:27,359][TrainMonitor][INFO] - ep: 3,	T: 603,	G: -1.49e+03,	avg_r: -7.43,	avg_G: -1.2e+03,	t: 200,	dt: 40.512ms,	SoftClippedDoubleQLearning/EntropyRegularizer/entropy: 0.883,	SoftClippedDoubleQLearning/loss: 331,	SoftPG/EntropyRegularizer/entropy: 1.22,	SoftPG/loss: -0.236
[2022-07-05 21:57:28,241][TrainMonitor][INFO] - ep: 4,	T: 804,	G: -1.43e+03,	avg_r: -7.14,	avg_G: -1.26e+03,	t: 200,	dt: 4.409ms,	SoftClippedDoubleQLearning/EntropyRegularizer/entropy: 1.63,	SoftClippedDoubleQLearning/loss: 74.9,	SoftPG/EntropyRegularizer/entropy: 2.26,	SoftPG/loss: -0.258
[2022-07-05 21:57:36,525][absl][INFO] - Unable to initialize backend 'tpu_driver': NOT_FOUND: Unable to find driver in registry given worker: 
[2022-07-05 21:57:36,525][absl][INFO] - Unable to initialize backend 'gpu': NOT_FOUND: Could not find registered platform with name: "cuda". Available platform names are: Host Interpreter
[2022-07-05 21:57:36,526][absl][INFO] - Unable to initialize backend 'tpu': INVALID_ARGUMENT: TpuPlatform is not available.
[2022-07-05 21:57:36,526][absl][WARNING] - No GPU/TPU found, falling back to CPU. (Set TF_CPP_MIN_LOG_LEVEL=0 and rerun for more info.)
[2022-07-05 21:57:38,555][TrainMonitor][INFO] - ep: 1,	T: 201,	G: -1.09e+03,	avg_r: -5.43,	avg_G: -1.09e+03,	t: 200,	dt: 2.624ms
[2022-07-05 21:57:38,830][TrainMonitor][INFO] - ep: 2,	T: 402,	G: -977,	avg_r: -4.88,	avg_G: -1.03e+03,	t: 200,	dt: 1.374ms
[2022-07-05 21:57:41,202][smac.stats.stats.Stats][INFO] - ##########################################################
[2022-07-05 21:57:41,202][smac.stats.stats.Stats][INFO] - Statistics:
[2022-07-05 21:57:41,202][smac.stats.stats.Stats][INFO] - #Incumbent changed: 0
[2022-07-05 21:57:41,202][smac.stats.stats.Stats][INFO] - #Submitted target algorithm runs: 2 / 250.0
[2022-07-05 21:57:41,202][smac.stats.stats.Stats][INFO] - #Finished target algorithm runs: 2 / 250.0
[2022-07-05 21:57:41,202][smac.stats.stats.Stats][INFO] - #Configurations: 2
[2022-07-05 21:57:41,202][smac.stats.stats.Stats][INFO] - Used wallclock time: 48.61 / inf sec 
[2022-07-05 21:57:41,202][smac.stats.stats.Stats][INFO] - Used target algorithm runtime: 38.82 / inf sec
[2022-07-05 21:57:41,202][smac.stats.stats.Stats][INFO] - ##########################################################
[2022-07-05 21:57:41,202][smac.facade.smac_bb_facade.SMAC4BB][INFO] - Final Incumbent: Configuration:
  dt, Value: False
  g, Value: False
  initial_angle_max, Value: True
  initial_velocity_max, Value: False
  l, Value: True
  m, Value: False
  max_speed, Value: True

[2022-07-05 21:57:41,202][smac.facade.smac_bb_facade.SMAC4BB][INFO] - Estimated cost of incumbent: -1673.342279
