[2022-07-05 21:34:15,009][smac.utils.io.cmd_reader.CMDReader][INFO] - Output to smac3-output_2022-07-05_21:34:15_009498
[2022-07-05 21:34:22,163][absl][INFO] - Unable to initialize backend 'tpu_driver': NOT_FOUND: Unable to find driver in registry given worker: 
[2022-07-05 21:34:22,163][absl][INFO] - Unable to initialize backend 'gpu': NOT_FOUND: Could not find registered platform with name: "cuda". Available platform names are: Interpreter Host
[2022-07-05 21:34:22,164][absl][INFO] - Unable to initialize backend 'tpu': INVALID_ARGUMENT: TpuPlatform is not available.
[2022-07-05 21:34:22,164][absl][WARNING] - No GPU/TPU found, falling back to CPU. (Set TF_CPP_MIN_LOG_LEVEL=0 and rerun for more info.)
[2022-07-05 21:34:24,119][TrainMonitor][INFO] - ep: 1,	T: 201,	G: -1.67e+03,	avg_r: -8.37,	avg_G: -1.67e+03,	t: 200,	dt: 2.585ms
[2022-07-05 21:34:24,395][TrainMonitor][INFO] - ep: 2,	T: 402,	G: -976,	avg_r: -4.88,	avg_G: -1.33e+03,	t: 200,	dt: 1.377ms
[2022-07-05 21:34:32,592][TrainMonitor][INFO] - ep: 3,	T: 603,	G: -1.3e+03,	avg_r: -6.51,	avg_G: -1.32e+03,	t: 200,	dt: 40.985ms,	SoftClippedDoubleQLearning/EntropyRegularizer/entropy: 0.884,	SoftClippedDoubleQLearning/loss: 395,	SoftPG/EntropyRegularizer/entropy: 1.22,	SoftPG/loss: -0.236
[2022-07-05 21:34:33,575][TrainMonitor][INFO] - ep: 4,	T: 804,	G: -1.13e+03,	avg_r: -5.66,	avg_G: -1.27e+03,	t: 200,	dt: 4.916ms,	SoftClippedDoubleQLearning/EntropyRegularizer/entropy: 1.57,	SoftClippedDoubleQLearning/loss: 104,	SoftPG/EntropyRegularizer/entropy: 2.17,	SoftPG/loss: -0.247
[2022-07-05 21:34:41,110][smac.facade.smac_bb_facade.SMAC4BB][INFO] - Optimizing a deterministic scenario for quality without a tuner timeout - will make SMAC deterministic and only evaluate one configuration per iteration!
[2022-07-05 21:34:41,118][smac.initial_design.sobol_design.SobolDesign][INFO] - Running initial design for 2 configurations
[2022-07-05 21:34:41,120][smac.facade.smac_bb_facade.SMAC4BB][INFO] - <class 'smac.facade.smac_bb_facade.SMAC4BB'>
[2022-07-05 21:34:41,120][smac.optimizer.smbo.SMBO][INFO] - Running initial design
[2022-07-05 21:34:41,130][smac.intensification.intensification.Intensifier][INFO] - First run, no incumbent provided; challenger is assumed to be the incumbent
[2022-07-05 21:34:44,396][smac.stats.stats.Stats][INFO] - ##########################################################
[2022-07-05 21:34:44,396][smac.stats.stats.Stats][INFO] - Statistics:
[2022-07-05 21:34:44,396][smac.stats.stats.Stats][INFO] - #Incumbent changed: -1
[2022-07-05 21:34:44,396][smac.stats.stats.Stats][INFO] - #Submitted target algorithm runs: 1 / 250.0
[2022-07-05 21:34:44,396][smac.stats.stats.Stats][INFO] - #Finished target algorithm runs: 1 / 250.0
[2022-07-05 21:34:44,397][smac.stats.stats.Stats][INFO] - #Configurations: 1
[2022-07-05 21:34:44,397][smac.stats.stats.Stats][INFO] - Used wallclock time: 3.28 / inf sec 
[2022-07-05 21:34:44,397][smac.stats.stats.Stats][INFO] - Used target algorithm runtime: 3.26 / inf sec
[2022-07-05 21:34:44,397][smac.stats.stats.Stats][INFO] - ##########################################################
[2022-07-05 21:34:44,398][smac.facade.smac_bb_facade.SMAC4BB][INFO] - Final Incumbent: None
