[2022-07-05 21:46:41,988][smac.utils.io.cmd_reader.CMDReader][INFO] - Output to smac3-output_2022-07-05_21:46:41_987654
[2022-07-05 21:46:41,988][smac.facade.smac_bb_facade.SMAC4BB][INFO] - Optimizing a deterministic scenario for quality without a tuner timeout - will make SMAC deterministic and only evaluate one configuration per iteration!
[2022-07-05 21:46:41,989][smac.initial_design.sobol_design.SobolDesign][INFO] - Running initial design for 2 configurations
[2022-07-05 21:46:41,990][smac.facade.smac_bb_facade.SMAC4BB][INFO] - <class 'smac.facade.smac_bb_facade.SMAC4BB'>
[2022-07-05 21:46:41,990][smac.optimizer.smbo.SMBO][INFO] - Running initial design
[2022-07-05 21:46:41,999][smac.intensification.intensification.Intensifier][INFO] - First run, no incumbent provided; challenger is assumed to be the incumbent
[2022-07-05 21:46:47,049][absl][INFO] - Unable to initialize backend 'tpu_driver': NOT_FOUND: Unable to find driver in registry given worker: 
[2022-07-05 21:46:47,049][absl][INFO] - Unable to initialize backend 'gpu': NOT_FOUND: Could not find registered platform with name: "cuda". Available platform names are: Interpreter Host
[2022-07-05 21:46:47,050][absl][INFO] - Unable to initialize backend 'tpu': INVALID_ARGUMENT: TpuPlatform is not available.
[2022-07-05 21:46:47,050][absl][WARNING] - No GPU/TPU found, falling back to CPU. (Set TF_CPP_MIN_LOG_LEVEL=0 and rerun for more info.)
[2022-07-05 21:46:48,901][TrainMonitor][INFO] - ep: 1,	T: 201,	G: -1.26e+03,	avg_r: -6.32,	avg_G: -1.26e+03,	t: 200,	dt: 2.980ms
[2022-07-05 21:46:49,258][TrainMonitor][INFO] - ep: 2,	T: 402,	G: -1.1e+03,	avg_r: -5.5,	avg_G: -1.18e+03,	t: 200,	dt: 1.781ms
[2022-07-05 21:46:49,582][TrainMonitor][INFO] - ep: 3,	T: 603,	G: -673,	avg_r: -3.37,	avg_G: -1.01e+03,	t: 200,	dt: 1.620ms
[2022-07-05 21:46:49,855][TrainMonitor][INFO] - ep: 4,	T: 804,	G: -1.34e+03,	avg_r: -6.72,	avg_G: -1.1e+03,	t: 200,	dt: 1.365ms
[2022-07-05 21:46:53,048][TrainMonitor][INFO] - ep: 5,	T: 1,005,	G: -1.8e+03,	avg_r: -9.01,	avg_G: -1.24e+03,	t: 200,	dt: 15.962ms,	SoftClippedDoubleQLearning/EntropyRegularizer/entropy: 0.838,	SoftClippedDoubleQLearning/loss: 444
[2022-07-05 21:47:00,096][TrainMonitor][INFO] - ep: 6,	T: 1,206,	G: -1.1e+03,	avg_r: -5.52,	avg_G: -1.21e+03,	t: 200,	dt: 35.240ms,	SoftClippedDoubleQLearning/EntropyRegularizer/entropy: 1.18,	SoftClippedDoubleQLearning/loss: 239,	SoftPG/EntropyRegularizer/entropy: 1.64,	SoftPG/loss: -0.273
[2022-07-05 21:47:01,052][TrainMonitor][INFO] - ep: 7,	T: 1,407,	G: -1.43e+03,	avg_r: -7.16,	avg_G: -1.25e+03,	t: 200,	dt: 4.777ms,	SoftClippedDoubleQLearning/EntropyRegularizer/entropy: 1.58,	SoftClippedDoubleQLearning/loss: 51.5,	SoftPG/EntropyRegularizer/entropy: 2.21,	SoftPG/loss: -0.13
[2022-07-05 21:47:01,987][TrainMonitor][INFO] - ep: 8,	T: 1,608,	G: -1.19e+03,	avg_r: -5.94,	avg_G: -1.24e+03,	t: 200,	dt: 4.676ms,	SoftClippedDoubleQLearning/EntropyRegularizer/entropy: 1.33,	SoftClippedDoubleQLearning/loss: 9.67,	SoftPG/EntropyRegularizer/entropy: 1.84,	SoftPG/loss: 0.477
[2022-07-05 21:47:02,901][TrainMonitor][INFO] - ep: 9,	T: 1,809,	G: -1.25e+03,	avg_r: -6.27,	avg_G: -1.24e+03,	t: 200,	dt: 4.568ms,	SoftClippedDoubleQLearning/EntropyRegularizer/entropy: 1.18,	SoftClippedDoubleQLearning/loss: 6,	SoftPG/EntropyRegularizer/entropy: 1.64,	SoftPG/loss: 1.47
[2022-07-05 21:47:03,822][TrainMonitor][INFO] - ep: 10,	T: 2,010,	G: -1.07e+03,	avg_r: -5.37,	avg_G: -1.22e+03,	t: 200,	dt: 4.604ms,	SoftClippedDoubleQLearning/EntropyRegularizer/entropy: 1.13,	SoftClippedDoubleQLearning/loss: 5.91,	SoftPG/EntropyRegularizer/entropy: 1.57,	SoftPG/loss: 3.03
[2022-07-05 21:47:04,806][TrainMonitor][INFO] - ep: 11,	T: 2,211,	G: -1.85e+03,	avg_r: -9.27,	avg_G: -1.29e+03,	t: 200,	dt: 4.922ms,	SoftClippedDoubleQLearning/EntropyRegularizer/entropy: 1.09,	SoftClippedDoubleQLearning/loss: 6.3,	SoftPG/EntropyRegularizer/entropy: 1.52,	SoftPG/loss: 5.02
[2022-07-05 21:47:05,739][TrainMonitor][INFO] - ep: 12,	T: 2,412,	G: -1.45e+03,	avg_r: -7.25,	avg_G: -1.3e+03,	t: 200,	dt: 4.660ms,	SoftClippedDoubleQLearning/EntropyRegularizer/entropy: 1.05,	SoftClippedDoubleQLearning/loss: 7.72,	SoftPG/EntropyRegularizer/entropy: 1.46,	SoftPG/loss: 7.59
[2022-07-05 21:47:06,675][TrainMonitor][INFO] - ep: 13,	T: 2,613,	G: -1.28e+03,	avg_r: -6.42,	avg_G: -1.3e+03,	t: 200,	dt: 4.678ms,	SoftClippedDoubleQLearning/EntropyRegularizer/entropy: 0.911,	SoftClippedDoubleQLearning/loss: 9,	SoftPG/EntropyRegularizer/entropy: 1.27,	SoftPG/loss: 10
[2022-07-05 21:47:07,608][TrainMonitor][INFO] - ep: 14,	T: 2,814,	G: -1.5e+03,	avg_r: -7.48,	avg_G: -1.32e+03,	t: 200,	dt: 4.669ms,	SoftClippedDoubleQLearning/EntropyRegularizer/entropy: 0.866,	SoftClippedDoubleQLearning/loss: 10,	SoftPG/EntropyRegularizer/entropy: 1.2,	SoftPG/loss: 12.4
[2022-07-05 21:47:08,551][TrainMonitor][INFO] - ep: 15,	T: 3,015,	G: -1.52e+03,	avg_r: -7.62,	avg_G: -1.34e+03,	t: 200,	dt: 4.710ms,	SoftClippedDoubleQLearning/EntropyRegularizer/entropy: 0.899,	SoftClippedDoubleQLearning/loss: 10.4,	SoftPG/EntropyRegularizer/entropy: 1.25,	SoftPG/loss: 15.3
[2022-07-05 21:47:09,505][TrainMonitor][INFO] - ep: 16,	T: 3,216,	G: -1.47e+03,	avg_r: -7.34,	avg_G: -1.35e+03,	t: 200,	dt: 4.770ms,	SoftClippedDoubleQLearning/EntropyRegularizer/entropy: 0.94,	SoftClippedDoubleQLearning/loss: 11.5,	SoftPG/EntropyRegularizer/entropy: 1.31,	SoftPG/loss: 18.1
[2022-07-05 21:47:10,458][TrainMonitor][INFO] - ep: 17,	T: 3,417,	G: -1.4e+03,	avg_r: -7,	avg_G: -1.36e+03,	t: 200,	dt: 4.763ms,	SoftClippedDoubleQLearning/EntropyRegularizer/entropy: 1.02,	SoftClippedDoubleQLearning/loss: 14.7,	SoftPG/EntropyRegularizer/entropy: 1.42,	SoftPG/loss: 20.5
[2022-07-05 21:47:11,439][TrainMonitor][INFO] - ep: 18,	T: 3,618,	G: -1.37e+03,	avg_r: -6.84,	avg_G: -1.36e+03,	t: 200,	dt: 4.907ms,	SoftClippedDoubleQLearning/EntropyRegularizer/entropy: 1.08,	SoftClippedDoubleQLearning/loss: 14,	SoftPG/EntropyRegularizer/entropy: 1.5,	SoftPG/loss: 23.2
[2022-07-05 21:47:12,460][TrainMonitor][INFO] - ep: 19,	T: 3,819,	G: -1.26e+03,	avg_r: -6.31,	avg_G: -1.35e+03,	t: 200,	dt: 5.104ms,	SoftClippedDoubleQLearning/EntropyRegularizer/entropy: 1.12,	SoftClippedDoubleQLearning/loss: 14.4,	SoftPG/EntropyRegularizer/entropy: 1.56,	SoftPG/loss: 25.3
[2022-07-05 21:47:13,559][TrainMonitor][INFO] - ep: 20,	T: 4,020,	G: -1.01e+03,	avg_r: -5.04,	avg_G: -1.32e+03,	t: 200,	dt: 5.492ms,	SoftClippedDoubleQLearning/EntropyRegularizer/entropy: 1.14,	SoftClippedDoubleQLearning/loss: 17.3,	SoftPG/EntropyRegularizer/entropy: 1.58,	SoftPG/loss: 27.2
[2022-07-05 21:47:14,536][TrainMonitor][INFO] - ep: 21,	T: 4,221,	G: -1.53e+03,	avg_r: -7.64,	avg_G: -1.34e+03,	t: 200,	dt: 4.886ms,	SoftClippedDoubleQLearning/EntropyRegularizer/entropy: 1.18,	SoftClippedDoubleQLearning/loss: 16.1,	SoftPG/EntropyRegularizer/entropy: 1.63,	SoftPG/loss: 29.2
[2022-07-05 21:47:15,508][TrainMonitor][INFO] - ep: 22,	T: 4,422,	G: -1.45e+03,	avg_r: -7.27,	avg_G: -1.35e+03,	t: 200,	dt: 4.859ms,	SoftClippedDoubleQLearning/EntropyRegularizer/entropy: 1.22,	SoftClippedDoubleQLearning/loss: 16.8,	SoftPG/EntropyRegularizer/entropy: 1.69,	SoftPG/loss: 30.9
[2022-07-05 21:47:16,480][TrainMonitor][INFO] - ep: 23,	T: 4,623,	G: -1.52e+03,	avg_r: -7.61,	avg_G: -1.37e+03,	t: 200,	dt: 4.860ms,	SoftClippedDoubleQLearning/EntropyRegularizer/entropy: 1.25,	SoftClippedDoubleQLearning/loss: 19.1,	SoftPG/EntropyRegularizer/entropy: 1.74,	SoftPG/loss: 32
[2022-07-05 21:47:17,457][TrainMonitor][INFO] - ep: 24,	T: 4,824,	G: -1.46e+03,	avg_r: -7.3,	avg_G: -1.38e+03,	t: 200,	dt: 4.884ms,	SoftClippedDoubleQLearning/EntropyRegularizer/entropy: 1.25,	SoftClippedDoubleQLearning/loss: 17.5,	SoftPG/EntropyRegularizer/entropy: 1.73,	SoftPG/loss: 31.8
[2022-07-05 21:47:18,479][TrainMonitor][INFO] - ep: 25,	T: 5,025,	G: -1.18e+03,	avg_r: -5.92,	avg_G: -1.36e+03,	t: 200,	dt: 5.107ms,	SoftClippedDoubleQLearning/EntropyRegularizer/entropy: 1.24,	SoftClippedDoubleQLearning/loss: 17.9,	SoftPG/EntropyRegularizer/entropy: 1.73,	SoftPG/loss: 33.4
[2022-07-05 21:47:19,555][TrainMonitor][INFO] - ep: 26,	T: 5,226,	G: -1.19e+03,	avg_r: -5.94,	avg_G: -1.34e+03,	t: 200,	dt: 5.381ms,	SoftClippedDoubleQLearning/EntropyRegularizer/entropy: 1.19,	SoftClippedDoubleQLearning/loss: 19.7,	SoftPG/EntropyRegularizer/entropy: 1.65,	SoftPG/loss: 34.4
[2022-07-05 21:47:20,589][TrainMonitor][INFO] - ep: 27,	T: 5,427,	G: -863,	avg_r: -4.32,	avg_G: -1.29e+03,	t: 200,	dt: 5.165ms,	SoftClippedDoubleQLearning/EntropyRegularizer/entropy: 1.19,	SoftClippedDoubleQLearning/loss: 19.3,	SoftPG/EntropyRegularizer/entropy: 1.66,	SoftPG/loss: 36.4
[2022-07-05 21:47:21,602][TrainMonitor][INFO] - ep: 28,	T: 5,628,	G: -991,	avg_r: -4.96,	avg_G: -1.26e+03,	t: 200,	dt: 5.066ms,	SoftClippedDoubleQLearning/EntropyRegularizer/entropy: 1.17,	SoftClippedDoubleQLearning/loss: 19.2,	SoftPG/EntropyRegularizer/entropy: 1.63,	SoftPG/loss: 37.3
[2022-07-05 21:47:22,589][TrainMonitor][INFO] - ep: 29,	T: 5,829,	G: -1.04e+03,	avg_r: -5.2,	avg_G: -1.24e+03,	t: 200,	dt: 4.936ms,	SoftClippedDoubleQLearning/EntropyRegularizer/entropy: 1.18,	SoftClippedDoubleQLearning/loss: 20.7,	SoftPG/EntropyRegularizer/entropy: 1.65,	SoftPG/loss: 38.4
[2022-07-05 21:47:23,568][TrainMonitor][INFO] - ep: 30,	T: 6,030,	G: -1.16e+03,	avg_r: -5.82,	avg_G: -1.23e+03,	t: 200,	dt: 4.891ms,	SoftClippedDoubleQLearning/EntropyRegularizer/entropy: 1.17,	SoftClippedDoubleQLearning/loss: 20.5,	SoftPG/EntropyRegularizer/entropy: 1.62,	SoftPG/loss: 39
[2022-07-05 21:47:24,601][TrainMonitor][INFO] - ep: 31,	T: 6,231,	G: -976,	avg_r: -4.88,	avg_G: -1.21e+03,	t: 200,	dt: 5.165ms,	SoftClippedDoubleQLearning/EntropyRegularizer/entropy: 1.15,	SoftClippedDoubleQLearning/loss: 22,	SoftPG/EntropyRegularizer/entropy: 1.6,	SoftPG/loss: 40.1
[2022-07-05 21:47:25,584][TrainMonitor][INFO] - ep: 32,	T: 6,432,	G: -1e+03,	avg_r: -5.02,	avg_G: -1.19e+03,	t: 200,	dt: 4.913ms,	SoftClippedDoubleQLearning/EntropyRegularizer/entropy: 1.15,	SoftClippedDoubleQLearning/loss: 22.7,	SoftPG/EntropyRegularizer/entropy: 1.61,	SoftPG/loss: 40.3
[2022-07-05 21:47:26,573][TrainMonitor][INFO] - ep: 33,	T: 6,633,	G: -1.05e+03,	avg_r: -5.25,	avg_G: -1.17e+03,	t: 200,	dt: 4.946ms,	SoftClippedDoubleQLearning/EntropyRegularizer/entropy: 1.16,	SoftClippedDoubleQLearning/loss: 22.4,	SoftPG/EntropyRegularizer/entropy: 1.62,	SoftPG/loss: 41.1
[2022-07-05 21:47:27,554][TrainMonitor][INFO] - ep: 34,	T: 6,834,	G: -4.85,	avg_r: -0.0242,	avg_G: -1.06e+03,	t: 200,	dt: 4.903ms,	SoftClippedDoubleQLearning/EntropyRegularizer/entropy: 1.15,	SoftClippedDoubleQLearning/loss: 21.9,	SoftPG/EntropyRegularizer/entropy: 1.61,	SoftPG/loss: 41.2
[2022-07-05 21:47:28,539][TrainMonitor][INFO] - ep: 35,	T: 7,035,	G: -1.1e+03,	avg_r: -5.52,	avg_G: -1.06e+03,	t: 200,	dt: 4.921ms,	SoftClippedDoubleQLearning/EntropyRegularizer/entropy: 1.17,	SoftClippedDoubleQLearning/loss: 22.4,	SoftPG/EntropyRegularizer/entropy: 1.63,	SoftPG/loss: 41.2
[2022-07-05 21:47:29,575][TrainMonitor][INFO] - ep: 36,	T: 7,236,	G: -1.5e+03,	avg_r: -7.5,	avg_G: -1.1e+03,	t: 200,	dt: 5.180ms,	SoftClippedDoubleQLearning/EntropyRegularizer/entropy: 1.14,	SoftClippedDoubleQLearning/loss: 22.9,	SoftPG/EntropyRegularizer/entropy: 1.58,	SoftPG/loss: 42.7
[2022-07-05 21:47:30,555][TrainMonitor][INFO] - ep: 37,	T: 7,437,	G: -670,	avg_r: -3.35,	avg_G: -1.06e+03,	t: 200,	dt: 4.899ms,	SoftClippedDoubleQLearning/EntropyRegularizer/entropy: 1.14,	SoftClippedDoubleQLearning/loss: 23.1,	SoftPG/EntropyRegularizer/entropy: 1.58,	SoftPG/loss: 42.8
[2022-07-05 21:47:31,540][TrainMonitor][INFO] - ep: 38,	T: 7,638,	G: -1.14e+03,	avg_r: -5.68,	avg_G: -1.07e+03,	t: 200,	dt: 4.924ms,	SoftClippedDoubleQLearning/EntropyRegularizer/entropy: 1.15,	SoftClippedDoubleQLearning/loss: 23,	SoftPG/EntropyRegularizer/entropy: 1.6,	SoftPG/loss: 43
[2022-07-05 21:47:32,525][TrainMonitor][INFO] - ep: 39,	T: 7,839,	G: -423,	avg_r: -2.12,	avg_G: -1e+03,	t: 200,	dt: 4.926ms,	SoftClippedDoubleQLearning/EntropyRegularizer/entropy: 1.2,	SoftClippedDoubleQLearning/loss: 22.6,	SoftPG/EntropyRegularizer/entropy: 1.65,	SoftPG/loss: 43.1
[2022-07-05 21:47:33,514][TrainMonitor][INFO] - ep: 40,	T: 8,040,	G: -130,	avg_r: -0.648,	avg_G: -917,	t: 200,	dt: 4.941ms,	SoftClippedDoubleQLearning/EntropyRegularizer/entropy: 1.25,	SoftClippedDoubleQLearning/loss: 22.4,	SoftPG/EntropyRegularizer/entropy: 1.75,	SoftPG/loss: 42.7
[2022-07-05 21:47:34,552][TrainMonitor][INFO] - ep: 41,	T: 8,241,	G: -1.26e+03,	avg_r: -6.3,	avg_G: -951,	t: 200,	dt: 5.193ms,	SoftClippedDoubleQLearning/EntropyRegularizer/entropy: 1.2,	SoftClippedDoubleQLearning/loss: 21.3,	SoftPG/EntropyRegularizer/entropy: 1.66,	SoftPG/loss: 42.4
[2022-07-05 21:47:35,571][TrainMonitor][INFO] - ep: 42,	T: 8,442,	G: -1.5e+03,	avg_r: -7.51,	avg_G: -1.01e+03,	t: 200,	dt: 5.090ms,	SoftClippedDoubleQLearning/EntropyRegularizer/entropy: 1.16,	SoftClippedDoubleQLearning/loss: 22.4,	SoftPG/EntropyRegularizer/entropy: 1.62,	SoftPG/loss: 42.8
[2022-07-05 21:47:36,565][TrainMonitor][INFO] - ep: 43,	T: 8,643,	G: -934,	avg_r: -4.67,	avg_G: -999,	t: 200,	dt: 4.968ms,	SoftClippedDoubleQLearning/EntropyRegularizer/entropy: 1.07,	SoftClippedDoubleQLearning/loss: 21.7,	SoftPG/EntropyRegularizer/entropy: 1.49,	SoftPG/loss: 42.4
[2022-07-05 21:47:37,555][TrainMonitor][INFO] - ep: 44,	T: 8,844,	G: -2.16e+03,	avg_r: -10.8,	avg_G: -1.12e+03,	t: 200,	dt: 4.949ms,	SoftClippedDoubleQLearning/EntropyRegularizer/entropy: 1.08,	SoftClippedDoubleQLearning/loss: 23,	SoftPG/EntropyRegularizer/entropy: 1.5,	SoftPG/loss: 42.9
[2022-07-05 21:47:38,548][TrainMonitor][INFO] - ep: 45,	T: 9,045,	G: -2.53e+03,	avg_r: -12.6,	avg_G: -1.26e+03,	t: 200,	dt: 4.965ms,	SoftClippedDoubleQLearning/EntropyRegularizer/entropy: 1.03,	SoftClippedDoubleQLearning/loss: 25.4,	SoftPG/EntropyRegularizer/entropy: 1.43,	SoftPG/loss: 43.4
[2022-07-05 21:47:39,583][TrainMonitor][INFO] - ep: 46,	T: 9,246,	G: -1.39e+03,	avg_r: -6.97,	avg_G: -1.27e+03,	t: 200,	dt: 5.173ms,	SoftClippedDoubleQLearning/EntropyRegularizer/entropy: 0.96,	SoftClippedDoubleQLearning/loss: 28.3,	SoftPG/EntropyRegularizer/entropy: 1.34,	SoftPG/loss: 43.5
[2022-07-05 21:47:40,574][TrainMonitor][INFO] - ep: 47,	T: 9,447,	G: -1.27e+03,	avg_r: -6.34,	avg_G: -1.27e+03,	t: 200,	dt: 4.958ms,	SoftClippedDoubleQLearning/EntropyRegularizer/entropy: 0.931,	SoftClippedDoubleQLearning/loss: 24.2,	SoftPG/EntropyRegularizer/entropy: 1.3,	SoftPG/loss: 43.6
[2022-07-05 21:47:41,656][TrainMonitor][INFO] - ep: 48,	T: 9,648,	G: -1.28e+03,	avg_r: -6.38,	avg_G: -1.27e+03,	t: 200,	dt: 5.409ms,	SoftClippedDoubleQLearning/EntropyRegularizer/entropy: 0.891,	SoftClippedDoubleQLearning/loss: 24.8,	SoftPG/EntropyRegularizer/entropy: 1.24,	SoftPG/loss: 43.5
[2022-07-05 21:47:42,652][TrainMonitor][INFO] - ep: 49,	T: 9,849,	G: -1.48e+03,	avg_r: -7.41,	avg_G: -1.29e+03,	t: 200,	dt: 4.977ms,	SoftClippedDoubleQLearning/EntropyRegularizer/entropy: 0.836,	SoftClippedDoubleQLearning/loss: 24.6,	SoftPG/EntropyRegularizer/entropy: 1.16,	SoftPG/loss: 44.2
[2022-07-05 21:47:43,834][smac.stats.stats.Stats][INFO] - ##########################################################
[2022-07-05 21:47:43,834][smac.stats.stats.Stats][INFO] - Statistics:
[2022-07-05 21:47:43,834][smac.stats.stats.Stats][INFO] - #Incumbent changed: -1
[2022-07-05 21:47:43,834][smac.stats.stats.Stats][INFO] - #Submitted target algorithm runs: 1 / 250.0
[2022-07-05 21:47:43,834][smac.stats.stats.Stats][INFO] - #Finished target algorithm runs: 1 / 250.0
[2022-07-05 21:47:43,834][smac.stats.stats.Stats][INFO] - #Configurations: 1
[2022-07-05 21:47:43,834][smac.stats.stats.Stats][INFO] - Used wallclock time: 61.84 / inf sec 
[2022-07-05 21:47:43,834][smac.stats.stats.Stats][INFO] - Used target algorithm runtime: 61.83 / inf sec
[2022-07-05 21:47:43,834][smac.stats.stats.Stats][INFO] - ##########################################################
[2022-07-05 21:47:43,834][smac.facade.smac_bb_facade.SMAC4BB][INFO] - Final Incumbent: None
