[2022-07-05 21:19:37,096][smac.utils.io.cmd_reader.CMDReader][INFO] - Output to smac3-output_2022-07-05_21:19:37_095954
[2022-07-05 21:19:53,715][absl][INFO] - Unable to initialize backend 'tpu_driver': NOT_FOUND: Unable to find driver in registry given worker: 
[2022-07-05 21:19:53,715][absl][INFO] - Unable to initialize backend 'gpu': NOT_FOUND: Could not find registered platform with name: "cuda". Available platform names are: Host Interpreter
[2022-07-05 21:19:53,715][absl][INFO] - Unable to initialize backend 'tpu': INVALID_ARGUMENT: TpuPlatform is not available.
[2022-07-05 21:19:53,715][absl][WARNING] - No GPU/TPU found, falling back to CPU. (Set TF_CPP_MIN_LOG_LEVEL=0 and rerun for more info.)
[2022-07-05 21:19:55,727][TrainMonitor][INFO] - ep: 1,	T: 201,	G: -1.27e+03,	avg_r: -6.35,	avg_G: -1.27e+03,	t: 200,	dt: 2.683ms
[2022-07-05 21:19:56,018][TrainMonitor][INFO] - ep: 2,	T: 402,	G: -1.23e+03,	avg_r: -6.13,	avg_G: -1.25e+03,	t: 200,	dt: 1.454ms
[2022-07-05 21:20:05,338][TrainMonitor][INFO] - ep: 3,	T: 603,	G: -1.66e+03,	avg_r: -8.32,	avg_G: -1.39e+03,	t: 200,	dt: 46.597ms,	SoftClippedDoubleQLearning/EntropyRegularizer/entropy: 0.884,	SoftClippedDoubleQLearning/loss: 395,	SoftPG/EntropyRegularizer/entropy: 1.22,	SoftPG/loss: -0.235
[2022-07-05 21:20:06,457][TrainMonitor][INFO] - ep: 4,	T: 804,	G: -1.57e+03,	avg_r: -7.84,	avg_G: -1.43e+03,	t: 200,	dt: 5.592ms,	SoftClippedDoubleQLearning/EntropyRegularizer/entropy: 1.55,	SoftClippedDoubleQLearning/loss: 68.1,	SoftPG/EntropyRegularizer/entropy: 2.16,	SoftPG/loss: -0.232
[2022-07-05 21:20:20,871][smac.facade.smac_bb_facade.SMAC4BB][INFO] - Optimizing a deterministic scenario for quality without a tuner timeout - will make SMAC deterministic and only evaluate one configuration per iteration!
[2022-07-05 21:20:20,876][smac.initial_design.sobol_design.SobolDesign][INFO] - Running initial design for 2 configurations
[2022-07-05 21:20:20,878][smac.facade.smac_bb_facade.SMAC4BB][INFO] - <class 'smac.facade.smac_bb_facade.SMAC4BB'>
[2022-07-05 21:20:20,879][smac.optimizer.smbo.SMBO][INFO] - Running initial design
[2022-07-05 21:20:20,893][smac.intensification.intensification.Intensifier][INFO] - First run, no incumbent provided; challenger is assumed to be the incumbent
[2022-07-05 21:20:22,988][smac.stats.stats.Stats][INFO] - ##########################################################
[2022-07-05 21:20:22,989][smac.stats.stats.Stats][INFO] - Statistics:
[2022-07-05 21:20:22,989][smac.stats.stats.Stats][INFO] - #Incumbent changed: -1
[2022-07-05 21:20:22,989][smac.stats.stats.Stats][INFO] - #Submitted target algorithm runs: 1 / 250.0
[2022-07-05 21:20:22,989][smac.stats.stats.Stats][INFO] - #Finished target algorithm runs: 1 / 250.0
[2022-07-05 21:20:22,989][smac.stats.stats.Stats][INFO] - #Configurations: 1
[2022-07-05 21:20:22,989][smac.stats.stats.Stats][INFO] - Used wallclock time: 2.11 / inf sec 
[2022-07-05 21:20:22,989][smac.stats.stats.Stats][INFO] - Used target algorithm runtime: 2.09 / inf sec
[2022-07-05 21:20:22,989][smac.stats.stats.Stats][INFO] - ##########################################################
[2022-07-05 21:20:22,989][smac.facade.smac_bb_facade.SMAC4BB][INFO] - Final Incumbent: None
