[2022-07-05 22:04:47,387][smac.utils.io.cmd_reader.CMDReader][INFO] - Output to smac3-output_2022-07-05_22:04:47_386802
[2022-07-05 22:04:47,387][smac.facade.smac_bb_facade.SMAC4BB][INFO] - Optimizing a deterministic scenario for quality without a tuner timeout - will make SMAC deterministic and only evaluate one configuration per iteration!
[2022-07-05 22:04:47,388][smac.initial_design.sobol_design.SobolDesign][INFO] - Running initial design for 2 configurations
[2022-07-05 22:04:47,389][smac.facade.smac_bb_facade.SMAC4BB][INFO] - <class 'smac.facade.smac_bb_facade.SMAC4BB'>
[2022-07-05 22:04:47,389][smac.optimizer.smbo.SMBO][INFO] - Running initial design
[2022-07-05 22:04:47,398][smac.intensification.intensification.Intensifier][INFO] - First run, no incumbent provided; challenger is assumed to be the incumbent
[2022-07-05 22:04:52,506][absl][INFO] - Unable to initialize backend 'tpu_driver': NOT_FOUND: Unable to find driver in registry given worker: 
[2022-07-05 22:04:52,507][absl][INFO] - Unable to initialize backend 'gpu': NOT_FOUND: Could not find registered platform with name: "cuda". Available platform names are: Interpreter Host
[2022-07-05 22:04:52,507][absl][INFO] - Unable to initialize backend 'tpu': INVALID_ARGUMENT: TpuPlatform is not available.
[2022-07-05 22:04:52,507][absl][WARNING] - No GPU/TPU found, falling back to CPU. (Set TF_CPP_MIN_LOG_LEVEL=0 and rerun for more info.)
[2022-07-05 22:04:54,318][TrainMonitor][INFO] - ep: 1,	T: 201,	G: -1.28e+03,	avg_r: -6.4,	avg_G: -1.28e+03,	t: 200,	dt: 2.637ms
[2022-07-05 22:04:54,585][TrainMonitor][INFO] - ep: 2,	T: 402,	G: -1.2e+03,	avg_r: -6.01,	avg_G: -1.24e+03,	t: 200,	dt: 1.334ms
[2022-07-05 22:04:54,851][TrainMonitor][INFO] - ep: 3,	T: 603,	G: -1.85e+03,	avg_r: -9.23,	avg_G: -1.44e+03,	t: 200,	dt: 1.327ms
[2022-07-05 22:04:55,116][TrainMonitor][INFO] - ep: 4,	T: 804,	G: -748,	avg_r: -3.74,	avg_G: -1.27e+03,	t: 200,	dt: 1.325ms
[2022-07-05 22:04:55,380][TrainMonitor][INFO] - ep: 5,	T: 1,005,	G: -1.33e+03,	avg_r: -6.65,	avg_G: -1.28e+03,	t: 200,	dt: 1.318ms
[2022-07-05 22:04:55,639][TrainMonitor][INFO] - ep: 6,	T: 1,206,	G: -1.39e+03,	avg_r: -6.94,	avg_G: -1.3e+03,	t: 200,	dt: 1.295ms
[2022-07-05 22:04:55,907][TrainMonitor][INFO] - ep: 7,	T: 1,407,	G: -1.27e+03,	avg_r: -6.37,	avg_G: -1.3e+03,	t: 200,	dt: 1.341ms
[2022-07-05 22:04:56,172][TrainMonitor][INFO] - ep: 8,	T: 1,608,	G: -1.39e+03,	avg_r: -6.97,	avg_G: -1.31e+03,	t: 200,	dt: 1.324ms
[2022-07-05 22:04:56,432][TrainMonitor][INFO] - ep: 9,	T: 1,809,	G: -1.08e+03,	avg_r: -5.38,	avg_G: -1.28e+03,	t: 200,	dt: 1.298ms
[2022-07-05 22:04:56,694][TrainMonitor][INFO] - ep: 10,	T: 2,010,	G: -1.07e+03,	avg_r: -5.33,	avg_G: -1.26e+03,	t: 200,	dt: 1.311ms
[2022-07-05 22:04:56,961][TrainMonitor][INFO] - ep: 11,	T: 2,211,	G: -1.22e+03,	avg_r: -6.1,	avg_G: -1.26e+03,	t: 200,	dt: 1.335ms
[2022-07-05 22:04:57,224][TrainMonitor][INFO] - ep: 12,	T: 2,412,	G: -1.32e+03,	avg_r: -6.62,	avg_G: -1.26e+03,	t: 200,	dt: 1.317ms
[2022-07-05 22:04:57,486][TrainMonitor][INFO] - ep: 13,	T: 2,613,	G: -1.17e+03,	avg_r: -5.87,	avg_G: -1.25e+03,	t: 200,	dt: 1.305ms
[2022-07-05 22:04:57,746][TrainMonitor][INFO] - ep: 14,	T: 2,814,	G: -1.62e+03,	avg_r: -8.08,	avg_G: -1.29e+03,	t: 200,	dt: 1.301ms
[2022-07-05 22:04:58,019][TrainMonitor][INFO] - ep: 15,	T: 3,015,	G: -1.34e+03,	avg_r: -6.7,	avg_G: -1.3e+03,	t: 200,	dt: 1.363ms
[2022-07-05 22:04:58,299][TrainMonitor][INFO] - ep: 16,	T: 3,216,	G: -898,	avg_r: -4.49,	avg_G: -1.26e+03,	t: 200,	dt: 1.402ms
[2022-07-05 22:04:58,565][TrainMonitor][INFO] - ep: 17,	T: 3,417,	G: -979,	avg_r: -4.89,	avg_G: -1.23e+03,	t: 200,	dt: 1.327ms
[2022-07-05 22:04:58,824][TrainMonitor][INFO] - ep: 18,	T: 3,618,	G: -1.29e+03,	avg_r: -6.43,	avg_G: -1.23e+03,	t: 200,	dt: 1.297ms
[2022-07-05 22:04:59,093][TrainMonitor][INFO] - ep: 19,	T: 3,819,	G: -879,	avg_r: -4.4,	avg_G: -1.2e+03,	t: 200,	dt: 1.344ms
[2022-07-05 22:04:59,371][TrainMonitor][INFO] - ep: 20,	T: 4,020,	G: -1.08e+03,	avg_r: -5.42,	avg_G: -1.19e+03,	t: 200,	dt: 1.388ms
[2022-07-05 22:04:59,641][TrainMonitor][INFO] - ep: 21,	T: 4,221,	G: -1.29e+03,	avg_r: -6.46,	avg_G: -1.2e+03,	t: 200,	dt: 1.350ms
[2022-07-05 22:04:59,904][TrainMonitor][INFO] - ep: 22,	T: 4,422,	G: -1.18e+03,	avg_r: -5.9,	avg_G: -1.2e+03,	t: 200,	dt: 1.316ms
[2022-07-05 22:05:00,175][TrainMonitor][INFO] - ep: 23,	T: 4,623,	G: -1.26e+03,	avg_r: -6.28,	avg_G: -1.2e+03,	t: 200,	dt: 1.350ms
[2022-07-05 22:05:00,449][TrainMonitor][INFO] - ep: 24,	T: 4,824,	G: -1.08e+03,	avg_r: -5.42,	avg_G: -1.19e+03,	t: 200,	dt: 1.371ms
[2022-07-05 22:05:03,470][TrainMonitor][INFO] - ep: 25,	T: 5,025,	G: -1.27e+03,	avg_r: -6.37,	avg_G: -1.2e+03,	t: 200,	dt: 15.106ms,	SoftClippedDoubleQLearning/EntropyRegularizer/entropy: 0.838,	SoftClippedDoubleQLearning/loss: 380
[2022-07-05 22:05:09,565][TrainMonitor][INFO] - ep: 26,	T: 5,226,	G: -1.78e+03,	avg_r: -8.88,	avg_G: -1.26e+03,	t: 200,	dt: 30.473ms,	SoftClippedDoubleQLearning/EntropyRegularizer/entropy: 1.22,	SoftClippedDoubleQLearning/loss: 207,	SoftPG/EntropyRegularizer/entropy: 1.67,	SoftPG/loss: -0.275
[2022-07-05 22:05:10,487][TrainMonitor][INFO] - ep: 27,	T: 5,427,	G: -1.04e+03,	avg_r: -5.2,	avg_G: -1.23e+03,	t: 200,	dt: 4.608ms,	SoftClippedDoubleQLearning/EntropyRegularizer/entropy: 1.6,	SoftClippedDoubleQLearning/loss: 28,	SoftPG/EntropyRegularizer/entropy: 2.23,	SoftPG/loss: -0.121
[2022-07-05 22:05:11,406][TrainMonitor][INFO] - ep: 28,	T: 5,628,	G: -1.13e+03,	avg_r: -5.67,	avg_G: -1.22e+03,	t: 200,	dt: 4.594ms,	SoftClippedDoubleQLearning/EntropyRegularizer/entropy: 1.29,	SoftClippedDoubleQLearning/loss: 7.34,	SoftPG/EntropyRegularizer/entropy: 1.79,	SoftPG/loss: 0.505
[2022-07-05 22:05:12,326][TrainMonitor][INFO] - ep: 29,	T: 5,829,	G: -2.4e+03,	avg_r: -12,	avg_G: -1.34e+03,	t: 200,	dt: 4.598ms,	SoftClippedDoubleQLearning/EntropyRegularizer/entropy: 1.11,	SoftClippedDoubleQLearning/loss: 6.37,	SoftPG/EntropyRegularizer/entropy: 1.55,	SoftPG/loss: 1.57
[2022-07-05 22:05:13,248][TrainMonitor][INFO] - ep: 30,	T: 6,030,	G: -1e+03,	avg_r: -5.01,	avg_G: -1.31e+03,	t: 200,	dt: 4.612ms,	SoftClippedDoubleQLearning/EntropyRegularizer/entropy: 1.02,	SoftClippedDoubleQLearning/loss: 6.47,	SoftPG/EntropyRegularizer/entropy: 1.41,	SoftPG/loss: 3.14
[2022-07-05 22:05:14,170][TrainMonitor][INFO] - ep: 31,	T: 6,231,	G: -1.07e+03,	avg_r: -5.36,	avg_G: -1.28e+03,	t: 200,	dt: 4.610ms,	SoftClippedDoubleQLearning/EntropyRegularizer/entropy: 1.02,	SoftClippedDoubleQLearning/loss: 6.34,	SoftPG/EntropyRegularizer/entropy: 1.42,	SoftPG/loss: 5.03
[2022-07-05 22:05:15,096][TrainMonitor][INFO] - ep: 32,	T: 6,432,	G: -1.43e+03,	avg_r: -7.13,	avg_G: -1.3e+03,	t: 200,	dt: 4.625ms,	SoftClippedDoubleQLearning/EntropyRegularizer/entropy: 0.914,	SoftClippedDoubleQLearning/loss: 6.48,	SoftPG/EntropyRegularizer/entropy: 1.27,	SoftPG/loss: 7.42
[2022-07-05 22:05:16,021][TrainMonitor][INFO] - ep: 33,	T: 6,633,	G: -1.29e+03,	avg_r: -6.43,	avg_G: -1.3e+03,	t: 200,	dt: 4.625ms,	SoftClippedDoubleQLearning/EntropyRegularizer/entropy: 0.85,	SoftClippedDoubleQLearning/loss: 7.26,	SoftPG/EntropyRegularizer/entropy: 1.18,	SoftPG/loss: 9.71
[2022-07-05 22:05:16,948][TrainMonitor][INFO] - ep: 34,	T: 6,834,	G: -1.21e+03,	avg_r: -6.07,	avg_G: -1.29e+03,	t: 200,	dt: 4.633ms,	SoftClippedDoubleQLearning/EntropyRegularizer/entropy: 0.784,	SoftClippedDoubleQLearning/loss: 8.23,	SoftPG/EntropyRegularizer/entropy: 1.09,	SoftPG/loss: 12
[2022-07-05 22:05:17,876][TrainMonitor][INFO] - ep: 35,	T: 7,035,	G: -1.52e+03,	avg_r: -7.6,	avg_G: -1.31e+03,	t: 200,	dt: 4.639ms,	SoftClippedDoubleQLearning/EntropyRegularizer/entropy: 0.793,	SoftClippedDoubleQLearning/loss: 8.53,	SoftPG/EntropyRegularizer/entropy: 1.1,	SoftPG/loss: 14.3
[2022-07-05 22:05:18,807][TrainMonitor][INFO] - ep: 36,	T: 7,236,	G: -1.35e+03,	avg_r: -6.77,	avg_G: -1.32e+03,	t: 200,	dt: 4.654ms,	SoftClippedDoubleQLearning/EntropyRegularizer/entropy: 0.793,	SoftClippedDoubleQLearning/loss: 10.4,	SoftPG/EntropyRegularizer/entropy: 1.11,	SoftPG/loss: 16.8
[2022-07-05 22:05:19,740][TrainMonitor][INFO] - ep: 37,	T: 7,437,	G: -1.32e+03,	avg_r: -6.59,	avg_G: -1.32e+03,	t: 200,	dt: 4.665ms,	SoftClippedDoubleQLearning/EntropyRegularizer/entropy: 0.802,	SoftClippedDoubleQLearning/loss: 11.2,	SoftPG/EntropyRegularizer/entropy: 1.12,	SoftPG/loss: 19.1
[2022-07-05 22:05:20,683][TrainMonitor][INFO] - ep: 38,	T: 7,638,	G: -1.63e+03,	avg_r: -8.14,	avg_G: -1.35e+03,	t: 200,	dt: 4.717ms,	SoftClippedDoubleQLearning/EntropyRegularizer/entropy: 0.748,	SoftClippedDoubleQLearning/loss: 12.5,	SoftPG/EntropyRegularizer/entropy: 1.04,	SoftPG/loss: 21.3
[2022-07-05 22:05:21,619][TrainMonitor][INFO] - ep: 39,	T: 7,839,	G: -1.43e+03,	avg_r: -7.15,	avg_G: -1.36e+03,	t: 200,	dt: 4.676ms,	SoftClippedDoubleQLearning/EntropyRegularizer/entropy: 0.758,	SoftClippedDoubleQLearning/loss: 12.4,	SoftPG/EntropyRegularizer/entropy: 1.05,	SoftPG/loss: 23.5
[2022-07-05 22:05:22,593][TrainMonitor][INFO] - ep: 40,	T: 8,040,	G: -1.4e+03,	avg_r: -6.99,	avg_G: -1.36e+03,	t: 200,	dt: 4.871ms,	SoftClippedDoubleQLearning/EntropyRegularizer/entropy: 0.724,	SoftClippedDoubleQLearning/loss: 12.8,	SoftPG/EntropyRegularizer/entropy: 1,	SoftPG/loss: 25.3
[2022-07-05 22:05:23,579][TrainMonitor][INFO] - ep: 41,	T: 8,241,	G: -1.5e+03,	avg_r: -7.52,	avg_G: -1.37e+03,	t: 200,	dt: 4.929ms,	SoftClippedDoubleQLearning/EntropyRegularizer/entropy: 0.722,	SoftClippedDoubleQLearning/loss: 13.9,	SoftPG/EntropyRegularizer/entropy: 1,	SoftPG/loss: 27.7
[2022-07-05 22:05:24,569][TrainMonitor][INFO] - ep: 42,	T: 8,442,	G: -1.19e+03,	avg_r: -5.97,	avg_G: -1.36e+03,	t: 200,	dt: 4.950ms,	SoftClippedDoubleQLearning/EntropyRegularizer/entropy: 0.694,	SoftClippedDoubleQLearning/loss: 15.9,	SoftPG/EntropyRegularizer/entropy: 0.965,	SoftPG/loss: 29.5
[2022-07-05 22:05:25,558][TrainMonitor][INFO] - ep: 43,	T: 8,643,	G: -1.14e+03,	avg_r: -5.71,	avg_G: -1.34e+03,	t: 200,	dt: 4.940ms,	SoftClippedDoubleQLearning/EntropyRegularizer/entropy: 0.691,	SoftClippedDoubleQLearning/loss: 15.5,	SoftPG/EntropyRegularizer/entropy: 0.963,	SoftPG/loss: 31.7
[2022-07-05 22:05:26,514][TrainMonitor][INFO] - ep: 44,	T: 8,844,	G: -1.08e+03,	avg_r: -5.4,	avg_G: -1.31e+03,	t: 200,	dt: 4.783ms,	SoftClippedDoubleQLearning/EntropyRegularizer/entropy: 0.691,	SoftClippedDoubleQLearning/loss: 17.5,	SoftPG/EntropyRegularizer/entropy: 0.962,	SoftPG/loss: 33
[2022-07-05 22:05:27,458][TrainMonitor][INFO] - ep: 45,	T: 9,045,	G: -1.11e+03,	avg_r: -5.53,	avg_G: -1.29e+03,	t: 200,	dt: 4.719ms,	SoftClippedDoubleQLearning/EntropyRegularizer/entropy: 0.739,	SoftClippedDoubleQLearning/loss: 18,	SoftPG/EntropyRegularizer/entropy: 1.03,	SoftPG/loss: 34.5
[2022-07-05 22:05:28,405][TrainMonitor][INFO] - ep: 46,	T: 9,246,	G: -1.02e+03,	avg_r: -5.08,	avg_G: -1.26e+03,	t: 200,	dt: 4.734ms,	SoftClippedDoubleQLearning/EntropyRegularizer/entropy: 0.732,	SoftClippedDoubleQLearning/loss: 18.2,	SoftPG/EntropyRegularizer/entropy: 1.02,	SoftPG/loss: 36.4
[2022-07-05 22:05:29,352][TrainMonitor][INFO] - ep: 47,	T: 9,447,	G: -936,	avg_r: -4.68,	avg_G: -1.23e+03,	t: 200,	dt: 4.733ms,	SoftClippedDoubleQLearning/EntropyRegularizer/entropy: 0.763,	SoftClippedDoubleQLearning/loss: 18.7,	SoftPG/EntropyRegularizer/entropy: 1.06,	SoftPG/loss: 37.1
[2022-07-05 22:05:30,303][TrainMonitor][INFO] - ep: 48,	T: 9,648,	G: -836,	avg_r: -4.18,	avg_G: -1.19e+03,	t: 200,	dt: 4.754ms,	SoftClippedDoubleQLearning/EntropyRegularizer/entropy: 0.82,	SoftClippedDoubleQLearning/loss: 19.9,	SoftPG/EntropyRegularizer/entropy: 1.14,	SoftPG/loss: 38.4
[2022-07-05 22:05:31,252][TrainMonitor][INFO] - ep: 49,	T: 9,849,	G: -919,	avg_r: -4.59,	avg_G: -1.16e+03,	t: 200,	dt: 4.744ms,	SoftClippedDoubleQLearning/EntropyRegularizer/entropy: 0.838,	SoftClippedDoubleQLearning/loss: 19.1,	SoftPG/EntropyRegularizer/entropy: 1.17,	SoftPG/loss: 39.5
[2022-07-05 22:05:34,501][TrainMonitor][INFO] - ep: 50,	T: 10,050,	G: -535,	avg_r: -2.67,	avg_G: -1.1e+03,	t: 200,	dt: 16.245ms,	SoftClippedDoubleQLearning/EntropyRegularizer/entropy: 0.883,	SoftClippedDoubleQLearning/loss: 20.1,	SoftPG/EntropyRegularizer/entropy: 1.23,	SoftPG/loss: 40.1
[2022-07-05 22:05:35,477][TrainMonitor][INFO] - ep: 51,	T: 10,251,	G: -660,	avg_r: -3.3,	avg_G: -1.06e+03,	t: 200,	dt: 4.810ms,	SoftClippedDoubleQLearning/EntropyRegularizer/entropy: 0.89,	SoftClippedDoubleQLearning/loss: 19.6,	SoftPG/EntropyRegularizer/entropy: 1.23,	SoftPG/loss: 40.9
[2022-07-05 22:05:36,434][TrainMonitor][INFO] - ep: 52,	T: 10,452,	G: -140,	avg_r: -0.698,	avg_G: -964,	t: 200,	dt: 4.780ms,	SoftClippedDoubleQLearning/EntropyRegularizer/entropy: 0.88,	SoftClippedDoubleQLearning/loss: 20.2,	SoftPG/EntropyRegularizer/entropy: 1.22,	SoftPG/loss: 41.1
[2022-07-05 22:05:37,399][TrainMonitor][INFO] - ep: 53,	T: 10,653,	G: -668,	avg_r: -3.34,	avg_G: -935,	t: 200,	dt: 4.825ms,	SoftClippedDoubleQLearning/EntropyRegularizer/entropy: 0.903,	SoftClippedDoubleQLearning/loss: 19.8,	SoftPG/EntropyRegularizer/entropy: 1.25,	SoftPG/loss: 41.3
[2022-07-05 22:05:38,357][TrainMonitor][INFO] - ep: 54,	T: 10,854,	G: -599,	avg_r: -2.99,	avg_G: -901,	t: 200,	dt: 4.790ms,	SoftClippedDoubleQLearning/EntropyRegularizer/entropy: 0.909,	SoftClippedDoubleQLearning/loss: 20.2,	SoftPG/EntropyRegularizer/entropy: 1.27,	SoftPG/loss: 41.8
[2022-07-05 22:05:39,399][TrainMonitor][INFO] - ep: 55,	T: 11,055,	G: -141,	avg_r: -0.705,	avg_G: -825,	t: 200,	dt: 5.212ms,	SoftClippedDoubleQLearning/EntropyRegularizer/entropy: 0.914,	SoftClippedDoubleQLearning/loss: 20.4,	SoftPG/EntropyRegularizer/entropy: 1.27,	SoftPG/loss: 41.9
[2022-07-05 22:05:40,444][TrainMonitor][INFO] - ep: 56,	T: 11,256,	G: -142,	avg_r: -0.71,	avg_G: -757,	t: 200,	dt: 5.222ms,	SoftClippedDoubleQLearning/EntropyRegularizer/entropy: 0.9,	SoftClippedDoubleQLearning/loss: 20,	SoftPG/EntropyRegularizer/entropy: 1.25,	SoftPG/loss: 41.8
[2022-07-05 22:05:41,403][TrainMonitor][INFO] - ep: 57,	T: 11,457,	G: -402,	avg_r: -2.01,	avg_G: -721,	t: 200,	dt: 4.796ms,	SoftClippedDoubleQLearning/EntropyRegularizer/entropy: 0.879,	SoftClippedDoubleQLearning/loss: 20,	SoftPG/EntropyRegularizer/entropy: 1.22,	SoftPG/loss: 42.4
[2022-07-05 22:05:42,364][TrainMonitor][INFO] - ep: 58,	T: 11,658,	G: -12.1,	avg_r: -0.0604,	avg_G: -650,	t: 200,	dt: 4.801ms,	SoftClippedDoubleQLearning/EntropyRegularizer/entropy: 0.869,	SoftClippedDoubleQLearning/loss: 19.6,	SoftPG/EntropyRegularizer/entropy: 1.21,	SoftPG/loss: 42
[2022-07-05 22:05:43,322][TrainMonitor][INFO] - ep: 59,	T: 11,859,	G: -261,	avg_r: -1.31,	avg_G: -611,	t: 200,	dt: 4.791ms,	SoftClippedDoubleQLearning/EntropyRegularizer/entropy: 0.839,	SoftClippedDoubleQLearning/loss: 18.8,	SoftPG/EntropyRegularizer/entropy: 1.17,	SoftPG/loss: 41.9
[2022-07-05 22:05:44,281][TrainMonitor][INFO] - ep: 60,	T: 12,060,	G: -268,	avg_r: -1.34,	avg_G: -577,	t: 200,	dt: 4.795ms,	SoftClippedDoubleQLearning/EntropyRegularizer/entropy: 0.834,	SoftClippedDoubleQLearning/loss: 20.6,	SoftPG/EntropyRegularizer/entropy: 1.17,	SoftPG/loss: 41.5
[2022-07-05 22:05:45,307][TrainMonitor][INFO] - ep: 61,	T: 12,261,	G: -404,	avg_r: -2.02,	avg_G: -560,	t: 200,	dt: 5.127ms,	SoftClippedDoubleQLearning/EntropyRegularizer/entropy: 0.817,	SoftClippedDoubleQLearning/loss: 19.6,	SoftPG/EntropyRegularizer/entropy: 1.14,	SoftPG/loss: 41.6
[2022-07-05 22:05:46,270][TrainMonitor][INFO] - ep: 62,	T: 12,462,	G: -434,	avg_r: -2.17,	avg_G: -547,	t: 200,	dt: 4.812ms,	SoftClippedDoubleQLearning/EntropyRegularizer/entropy: 0.78,	SoftClippedDoubleQLearning/loss: 18.9,	SoftPG/EntropyRegularizer/entropy: 1.09,	SoftPG/loss: 41.4
[2022-07-05 22:05:47,227][TrainMonitor][INFO] - ep: 63,	T: 12,663,	G: -270,	avg_r: -1.35,	avg_G: -520,	t: 200,	dt: 4.788ms,	SoftClippedDoubleQLearning/EntropyRegularizer/entropy: 0.768,	SoftClippedDoubleQLearning/loss: 17.5,	SoftPG/EntropyRegularizer/entropy: 1.07,	SoftPG/loss: 41.7
[2022-07-05 22:05:48,189][TrainMonitor][INFO] - ep: 64,	T: 12,864,	G: -1.42e+03,	avg_r: -7.09,	avg_G: -609,	t: 200,	dt: 4.804ms,	SoftClippedDoubleQLearning/EntropyRegularizer/entropy: 0.756,	SoftClippedDoubleQLearning/loss: 18.5,	SoftPG/EntropyRegularizer/entropy: 1.05,	SoftPG/loss: 41.4
[2022-07-05 22:05:49,149][TrainMonitor][INFO] - ep: 65,	T: 13,065,	G: -124,	avg_r: -0.62,	avg_G: -561,	t: 200,	dt: 4.802ms,	SoftClippedDoubleQLearning/EntropyRegularizer/entropy: 0.762,	SoftClippedDoubleQLearning/loss: 19,	SoftPG/EntropyRegularizer/entropy: 1.06,	SoftPG/loss: 41.4
[2022-07-05 22:05:50,258][TrainMonitor][INFO] - ep: 66,	T: 13,266,	G: -276,	avg_r: -1.38,	avg_G: -532,	t: 200,	dt: 5.543ms,	SoftClippedDoubleQLearning/EntropyRegularizer/entropy: 0.737,	SoftClippedDoubleQLearning/loss: 18.8,	SoftPG/EntropyRegularizer/entropy: 1.03,	SoftPG/loss: 40.8
[2022-07-05 22:05:51,246][TrainMonitor][INFO] - ep: 67,	T: 13,467,	G: -1.56e+03,	avg_r: -7.78,	avg_G: -635,	t: 200,	dt: 4.937ms,	SoftClippedDoubleQLearning/EntropyRegularizer/entropy: 0.734,	SoftClippedDoubleQLearning/loss: 19.1,	SoftPG/EntropyRegularizer/entropy: 1.02,	SoftPG/loss: 41.8
[2022-07-05 22:05:52,215][TrainMonitor][INFO] - ep: 68,	T: 13,668,	G: -667,	avg_r: -3.33,	avg_G: -638,	t: 200,	dt: 4.849ms,	SoftClippedDoubleQLearning/EntropyRegularizer/entropy: 0.757,	SoftClippedDoubleQLearning/loss: 18.7,	SoftPG/EntropyRegularizer/entropy: 1.05,	SoftPG/loss: 41.4
[2022-07-05 22:05:53,201][TrainMonitor][INFO] - ep: 69,	T: 13,869,	G: -626,	avg_r: -3.13,	avg_G: -637,	t: 200,	dt: 4.928ms,	SoftClippedDoubleQLearning/EntropyRegularizer/entropy: 0.732,	SoftClippedDoubleQLearning/loss: 18.6,	SoftPG/EntropyRegularizer/entropy: 1.02,	SoftPG/loss: 41.4
[2022-07-05 22:05:54,206][TrainMonitor][INFO] - ep: 70,	T: 14,070,	G: -1.92,	avg_r: -0.00959,	avg_G: -573,	t: 200,	dt: 5.022ms,	SoftClippedDoubleQLearning/EntropyRegularizer/entropy: 0.773,	SoftClippedDoubleQLearning/loss: 18.7,	SoftPG/EntropyRegularizer/entropy: 1.07,	SoftPG/loss: 40.8
[2022-07-05 22:05:55,267][TrainMonitor][INFO] - ep: 71,	T: 14,271,	G: -137,	avg_r: -0.683,	avg_G: -530,	t: 200,	dt: 5.306ms,	SoftClippedDoubleQLearning/EntropyRegularizer/entropy: 0.724,	SoftClippedDoubleQLearning/loss: 17.6,	SoftPG/EntropyRegularizer/entropy: 1.02,	SoftPG/loss: 40.6
[2022-07-05 22:05:56,249][TrainMonitor][INFO] - ep: 72,	T: 14,472,	G: -125,	avg_r: -0.623,	avg_G: -489,	t: 200,	dt: 4.909ms,	SoftClippedDoubleQLearning/EntropyRegularizer/entropy: 0.682,	SoftClippedDoubleQLearning/loss: 18.6,	SoftPG/EntropyRegularizer/entropy: 0.953,	SoftPG/loss: 40
[2022-07-05 22:05:57,258][TrainMonitor][INFO] - ep: 73,	T: 14,673,	G: -265,	avg_r: -1.33,	avg_G: -467,	t: 200,	dt: 5.043ms,	SoftClippedDoubleQLearning/EntropyRegularizer/entropy: 0.696,	SoftClippedDoubleQLearning/loss: 18.3,	SoftPG/EntropyRegularizer/entropy: 0.965,	SoftPG/loss: 39
[2022-07-05 22:05:58,303][TrainMonitor][INFO] - ep: 74,	T: 14,874,	G: -1.48e+03,	avg_r: -7.39,	avg_G: -568,	t: 200,	dt: 5.222ms,	SoftClippedDoubleQLearning/EntropyRegularizer/entropy: 0.726,	SoftClippedDoubleQLearning/loss: 17.9,	SoftPG/EntropyRegularizer/entropy: 1.01,	SoftPG/loss: 39.1
[2022-07-05 22:05:59,445][TrainMonitor][INFO] - ep: 75,	T: 15,075,	G: -129,	avg_r: -0.645,	avg_G: -524,	t: 200,	dt: 5.710ms,	SoftClippedDoubleQLearning/EntropyRegularizer/entropy: 0.721,	SoftClippedDoubleQLearning/loss: 17.2,	SoftPG/EntropyRegularizer/entropy: 1.01,	SoftPG/loss: 39.5
[2022-07-05 22:06:00,638][TrainMonitor][INFO] - ep: 76,	T: 15,276,	G: -1.46e+03,	avg_r: -7.28,	avg_G: -617,	t: 200,	dt: 5.966ms,	SoftClippedDoubleQLearning/EntropyRegularizer/entropy: 0.71,	SoftClippedDoubleQLearning/loss: 16.1,	SoftPG/EntropyRegularizer/entropy: 0.991,	SoftPG/loss: 39.2
[2022-07-05 22:06:01,625][TrainMonitor][INFO] - ep: 77,	T: 15,477,	G: -129,	avg_r: -0.645,	avg_G: -568,	t: 200,	dt: 4.930ms,	SoftClippedDoubleQLearning/EntropyRegularizer/entropy: 0.722,	SoftClippedDoubleQLearning/loss: 17.2,	SoftPG/EntropyRegularizer/entropy: 1.01,	SoftPG/loss: 39.1
[2022-07-05 22:06:02,592][TrainMonitor][INFO] - ep: 78,	T: 15,678,	G: -1.53e+03,	avg_r: -7.64,	avg_G: -664,	t: 200,	dt: 4.836ms,	SoftClippedDoubleQLearning/EntropyRegularizer/entropy: 0.712,	SoftClippedDoubleQLearning/loss: 17.8,	SoftPG/EntropyRegularizer/entropy: 0.993,	SoftPG/loss: 39.4
[2022-07-05 22:06:03,556][TrainMonitor][INFO] - ep: 79,	T: 15,879,	G: -125,	avg_r: -0.627,	avg_G: -611,	t: 200,	dt: 4.820ms,	SoftClippedDoubleQLearning/EntropyRegularizer/entropy: 0.725,	SoftClippedDoubleQLearning/loss: 15.5,	SoftPG/EntropyRegularizer/entropy: 1.01,	SoftPG/loss: 38.5
[2022-07-05 22:06:04,541][TrainMonitor][INFO] - ep: 80,	T: 16,080,	G: -133,	avg_r: -0.663,	avg_G: -563,	t: 200,	dt: 4.921ms,	SoftClippedDoubleQLearning/EntropyRegularizer/entropy: 0.731,	SoftClippedDoubleQLearning/loss: 17.5,	SoftPG/EntropyRegularizer/entropy: 1.02,	SoftPG/loss: 38.8
[2022-07-05 22:06:05,562][TrainMonitor][INFO] - ep: 81,	T: 16,281,	G: -1.02e+03,	avg_r: -5.08,	avg_G: -608,	t: 200,	dt: 5.106ms,	SoftClippedDoubleQLearning/EntropyRegularizer/entropy: 0.729,	SoftClippedDoubleQLearning/loss: 16.7,	SoftPG/EntropyRegularizer/entropy: 1.01,	SoftPG/loss: 38.2
[2022-07-05 22:06:06,543][TrainMonitor][INFO] - ep: 82,	T: 16,482,	G: -130,	avg_r: -0.651,	avg_G: -560,	t: 200,	dt: 4.902ms,	SoftClippedDoubleQLearning/EntropyRegularizer/entropy: 0.742,	SoftClippedDoubleQLearning/loss: 16.5,	SoftPG/EntropyRegularizer/entropy: 1.04,	SoftPG/loss: 38.4
[2022-07-05 22:06:07,442][smac.stats.stats.Stats][INFO] - ##########################################################
[2022-07-05 22:06:07,442][smac.stats.stats.Stats][INFO] - Statistics:
[2022-07-05 22:06:07,442][smac.stats.stats.Stats][INFO] - #Incumbent changed: -1
[2022-07-05 22:06:07,442][smac.stats.stats.Stats][INFO] - #Submitted target algorithm runs: 1 / 250.0
[2022-07-05 22:06:07,442][smac.stats.stats.Stats][INFO] - #Finished target algorithm runs: 1 / 250.0
[2022-07-05 22:06:07,442][smac.stats.stats.Stats][INFO] - #Configurations: 1
[2022-07-05 22:06:07,442][smac.stats.stats.Stats][INFO] - Used wallclock time: 80.05 / inf sec 
[2022-07-05 22:06:07,442][smac.stats.stats.Stats][INFO] - Used target algorithm runtime: 79.85 / inf sec
[2022-07-05 22:06:07,442][smac.stats.stats.Stats][INFO] - ##########################################################
[2022-07-05 22:06:07,442][smac.facade.smac_bb_facade.SMAC4BB][INFO] - Final Incumbent: None
