[2022-07-05 21:12:28,241][smac.utils.io.cmd_reader.CMDReader][INFO] - Output to smac3-output_2022-07-05_21:12:28_240768
[2022-07-05 21:12:37,772][absl][INFO] - Unable to initialize backend 'tpu_driver': NOT_FOUND: Unable to find driver in registry given worker: 
[2022-07-05 21:12:37,772][absl][INFO] - Unable to initialize backend 'gpu': NOT_FOUND: Could not find registered platform with name: "cuda". Available platform names are: Host Interpreter
[2022-07-05 21:12:37,773][absl][INFO] - Unable to initialize backend 'tpu': INVALID_ARGUMENT: TpuPlatform is not available.
[2022-07-05 21:12:37,773][absl][WARNING] - No GPU/TPU found, falling back to CPU. (Set TF_CPP_MIN_LOG_LEVEL=0 and rerun for more info.)
[2022-07-05 21:12:39,828][TrainMonitor][INFO] - ep: 1,	T: 201,	G: -1.29e+03,	avg_r: -6.45,	avg_G: -1.29e+03,	t: 200,	dt: 2.688ms
[2022-07-05 21:12:40,112][TrainMonitor][INFO] - ep: 2,	T: 402,	G: -1.34e+03,	avg_r: -6.71,	avg_G: -1.32e+03,	t: 200,	dt: 1.417ms
[2022-07-05 21:12:40,401][TrainMonitor][INFO] - ep: 3,	T: 603,	G: -1.4e+03,	avg_r: -7.02,	avg_G: -1.35e+03,	t: 200,	dt: 1.445ms
[2022-07-05 21:12:40,678][TrainMonitor][INFO] - ep: 4,	T: 804,	G: -1.08e+03,	avg_r: -5.42,	avg_G: -1.28e+03,	t: 200,	dt: 1.385ms
[2022-07-05 21:12:40,953][TrainMonitor][INFO] - ep: 5,	T: 1,005,	G: -994,	avg_r: -4.97,	avg_G: -1.22e+03,	t: 200,	dt: 1.376ms
[2022-07-05 21:12:41,235][TrainMonitor][INFO] - ep: 6,	T: 1,206,	G: -981,	avg_r: -4.9,	avg_G: -1.18e+03,	t: 200,	dt: 1.405ms
[2022-07-05 21:12:41,509][TrainMonitor][INFO] - ep: 7,	T: 1,407,	G: -799,	avg_r: -4,	avg_G: -1.13e+03,	t: 200,	dt: 1.371ms
[2022-07-05 21:12:41,779][TrainMonitor][INFO] - ep: 8,	T: 1,608,	G: -878,	avg_r: -4.39,	avg_G: -1.1e+03,	t: 200,	dt: 1.347ms
[2022-07-05 21:12:42,048][TrainMonitor][INFO] - ep: 9,	T: 1,809,	G: -1.65e+03,	avg_r: -8.23,	avg_G: -1.16e+03,	t: 200,	dt: 1.346ms
[2022-07-05 21:12:42,318][TrainMonitor][INFO] - ep: 10,	T: 2,010,	G: -1.43e+03,	avg_r: -7.15,	avg_G: -1.18e+03,	t: 200,	dt: 1.348ms
[2022-07-05 21:12:42,587][TrainMonitor][INFO] - ep: 11,	T: 2,211,	G: -1.85e+03,	avg_r: -9.26,	avg_G: -1.25e+03,	t: 200,	dt: 1.344ms
[2022-07-05 21:12:42,856][TrainMonitor][INFO] - ep: 12,	T: 2,412,	G: -885,	avg_r: -4.43,	avg_G: -1.21e+03,	t: 200,	dt: 1.346ms
[2022-07-05 21:12:43,130][TrainMonitor][INFO] - ep: 13,	T: 2,613,	G: -960,	avg_r: -4.8,	avg_G: -1.19e+03,	t: 200,	dt: 1.369ms
[2022-07-05 21:12:43,400][TrainMonitor][INFO] - ep: 14,	T: 2,814,	G: -885,	avg_r: -4.43,	avg_G: -1.16e+03,	t: 200,	dt: 1.349ms
[2022-07-05 21:12:43,671][TrainMonitor][INFO] - ep: 15,	T: 3,015,	G: -1.32e+03,	avg_r: -6.58,	avg_G: -1.17e+03,	t: 200,	dt: 1.355ms
[2022-07-05 21:12:43,941][TrainMonitor][INFO] - ep: 16,	T: 3,216,	G: -899,	avg_r: -4.5,	avg_G: -1.15e+03,	t: 200,	dt: 1.349ms
[2022-07-05 21:12:44,212][TrainMonitor][INFO] - ep: 17,	T: 3,417,	G: -1.18e+03,	avg_r: -5.89,	avg_G: -1.15e+03,	t: 200,	dt: 1.357ms
[2022-07-05 21:12:44,484][TrainMonitor][INFO] - ep: 18,	T: 3,618,	G: -1.05e+03,	avg_r: -5.27,	avg_G: -1.14e+03,	t: 200,	dt: 1.357ms
[2022-07-05 21:12:44,758][TrainMonitor][INFO] - ep: 19,	T: 3,819,	G: -1.04e+03,	avg_r: -5.2,	avg_G: -1.13e+03,	t: 200,	dt: 1.371ms
[2022-07-05 21:12:45,030][TrainMonitor][INFO] - ep: 20,	T: 4,020,	G: -1.79e+03,	avg_r: -8.95,	avg_G: -1.2e+03,	t: 200,	dt: 1.355ms
